<?xml version="1.0" encoding="utf-8"?>
<TestRun id="03339238-202e-44e9-9629-da94fa83b7d8" name="@MassaPCLinux 2025-06-26 10:31:29" xmlns="http://microsoft.com/schemas/VisualStudio/TeamTest/2010">
  <Times creation="2025-06-26T10:31:29.4206297-05:00" queuing="2025-06-26T10:31:29.4206297-05:00" start="2025-06-26T10:31:28.6441245-05:00" finish="2025-06-26T10:31:29.8023506-05:00" />
  <TestSettings name="default" id="3c04038a-5117-4e33-b033-681d934ea6ea">
    <Deployment runDeploymentRoot="_MassaPCLinux_2025-06-26_10_31_29" />
  </TestSettings>
  <Results>
    <UnitTestResult executionId="28baacb5-8604-4cb8-b0b4-99b422840a0d" testId="4fd5786c-067b-781d-3afe-2b4b879edb71" testName="HashCodesForTheSameStringMatch" computerName="MassaPCLinux" duration="00:00:00.0002449" startTime="2025-06-26T10:31:29.3708139-05:00" endTime="2025-06-26T10:31:29.3711145-05:00" testType="13cdc9d9-ddb5-4fa4-a97d-d965ccfc6d4b" outcome="Passed" testListId="8c84fa94-04c1-424b-9868-57a2d4851a1d" relativeResultsDirectory="28baacb5-8604-4cb8-b0b4-99b422840a0d" />
    <UnitTestResult executionId="a9801c46-15d3-498a-84e5-5d1859aacfc2" testId="a279e9af-a833-33c9-4a08-346c46fc0db8" testName="LastIndexOfEmptyPattern" computerName="MassaPCLinux" duration="00:00:00.0000908" startTime="2025-06-26T10:31:29.5456478-05:00" endTime="2025-06-26T10:31:29.5457736-05:00" testType="13cdc9d9-ddb5-4fa4-a97d-d965ccfc6d4b" outcome="Passed" testListId="8c84fa94-04c1-424b-9868-57a2d4851a1d" relativeResultsDirectory="a9801c46-15d3-498a-84e5-5d1859aacfc2" />
    <UnitTestResult executionId="0cabaaff-76c7-4f81-9061-9530854d9577" testId="1dcc15b8-eea6-52c8-e2aa-b9a7ec36593e" testName="FindNthOpenBracket_ShouldReturnCorrectPosition (&quot;func() { if (x) { return []; } }&quot;,'(',1,4)" computerName="MassaPCLinux" duration="00:00:00.0010733" startTime="2025-06-26T10:31:29.5658202-05:00" endTime="2025-06-26T10:31:29.5669990-05:00" testType="13cdc9d9-ddb5-4fa4-a97d-d965ccfc6d4b" outcome="Passed" testListId="8c84fa94-04c1-424b-9868-57a2d4851a1d" relativeResultsDirectory="0cabaaff-76c7-4f81-9061-9530854d9577" />
    <UnitTestResult executionId="21332b5f-a9cc-48ca-b125-42bcf9e5fbd6" testId="dc6e9594-4012-d904-2dc5-1e5ff2989256" testName="GetLineAndColumn_ShouldReturnCorrectPosition (&quot;Line 1&#xA;Line 2&#xA;Line 3&quot;,7,2,1)" computerName="MassaPCLinux" duration="00:00:00.0001582" startTime="2025-06-26T10:31:29.5631670-05:00" endTime="2025-06-26T10:31:29.5633821-05:00" testType="13cdc9d9-ddb5-4fa4-a97d-d965ccfc6d4b" outcome="Passed" testListId="8c84fa94-04c1-424b-9868-57a2d4851a1d" relativeResultsDirectory="21332b5f-a9cc-48ca-b125-42bcf9e5fbd6" />
    <UnitTestResult executionId="ab2ffec6-2ca2-4d32-a91d-a68748f011c5" testId="8d8905d5-1e53-41fb-c76c-011efe984c20" testName="NotStartsWithPartitioned" computerName="MassaPCLinux" duration="00:00:00.0001954" startTime="2025-06-26T10:31:29.3885806-05:00" endTime="2025-06-26T10:31:29.3888361-05:00" testType="13cdc9d9-ddb5-4fa4-a97d-d965ccfc6d4b" outcome="Passed" testListId="8c84fa94-04c1-424b-9868-57a2d4851a1d" relativeResultsDirectory="ab2ffec6-2ca2-4d32-a91d-a68748f011c5" />
    <UnitTestResult executionId="07d5e84a-ee60-40e5-b32d-156c996b94cf" testId="7f7c76af-8d6d-6a37-b63c-f54c2e0bd667" testName="CreateVeryLargeSumTreeToSumTree" computerName="MassaPCLinux" duration="00:00:00.0586279" startTime="2025-06-26T10:31:29.4169274-05:00" endTime="2025-06-26T10:31:29.4757077-05:00" testType="13cdc9d9-ddb5-4fa4-a97d-d965ccfc6d4b" outcome="Passed" testListId="8c84fa94-04c1-424b-9868-57a2d4851a1d" relativeResultsDirectory="07d5e84a-ee60-40e5-b32d-156c996b94cf" />
    <UnitTestResult executionId="8fd34abe-f9e5-4a2b-b4b5-7758b6f70781" testId="afc1ba38-4eca-79b2-ef4e-d4a6d024dd77" testName="ConstructorMatchesUserExample" computerName="MassaPCLinux" duration="00:00:00.0003143" startTime="2025-06-26T10:31:29.3977554-05:00" endTime="2025-06-26T10:31:29.3981161-05:00" testType="13cdc9d9-ddb5-4fa4-a97d-d965ccfc6d4b" outcome="Passed" testListId="8c84fa94-04c1-424b-9868-57a2d4851a1d" relativeResultsDirectory="8fd34abe-f9e5-4a2b-b4b5-7758b6f70781" />
    <UnitTestResult executionId="00819a51-5e72-4647-a5be-5db0ff218918" testId="5c7dadbf-d45d-7230-f8f8-3b276b5c7622" testName="AreBracketsBalanced_ShouldDetectImbalance (&quot;function() { return [1, 2; }&quot;,False)" computerName="MassaPCLinux" duration="00:00:00.0001408" startTime="2025-06-26T10:31:29.5747222-05:00" endTime="2025-06-26T10:31:29.5749309-05:00" testType="13cdc9d9-ddb5-4fa4-a97d-d965ccfc6d4b" outcome="Passed" testListId="8c84fa94-04c1-424b-9868-57a2d4851a1d" relativeResultsDirectory="00819a51-5e72-4647-a5be-5db0ff218918" />
    <UnitTestResult executionId="6b0e7e37-9d28-4fc0-a78b-d68312a0a0db" testId="ba2894ca-557e-006d-29aa-16e5f2b6d6b1" testName="CreateVeryLargeSumTreeFromArray" computerName="MassaPCLinux" duration="00:00:00.0165283" startTime="2025-06-26T10:31:29.3999079-05:00" endTime="2025-06-26T10:31:29.4165306-05:00" testType="13cdc9d9-ddb5-4fa4-a97d-d965ccfc6d4b" outcome="Passed" testListId="8c84fa94-04c1-424b-9868-57a2d4851a1d" relativeResultsDirectory="6b0e7e37-9d28-4fc0-a78b-d68312a0a0db" />
    <UnitTestResult executionId="f52c03e0-4f7e-4e62-965b-8408d9b36b0e" testId="d2b34f35-8dd1-d73e-f979-3a51e4f8084c" testName="StartsWithMemory" computerName="MassaPCLinux" duration="00:00:00.0002636" startTime="2025-06-26T10:31:29.3879201-05:00" endTime="2025-06-26T10:31:29.3882519-05:00" testType="13cdc9d9-ddb5-4fa4-a97d-d965ccfc6d4b" outcome="Passed" testListId="8c84fa94-04c1-424b-9868-57a2d4851a1d" relativeResultsDirectory="f52c03e0-4f7e-4e62-965b-8408d9b36b0e" />
    <UnitTestResult executionId="161e034a-229f-4f66-be51-cb4006cf0836" testId="2ba56222-9eb8-2143-9bb7-761bdcdf521f" testName="RemoveRange_ShouldUpdateSummaries (&quot;Hello World&quot;,5,1,0,&quot;HelloWorld&quot;)" computerName="MassaPCLinux" duration="00:00:00.0001976" startTime="2025-06-26T10:31:29.5923596-05:00" endTime="2025-06-26T10:31:29.5926548-05:00" testType="13cdc9d9-ddb5-4fa4-a97d-d965ccfc6d4b" outcome="Passed" testListId="8c84fa94-04c1-424b-9868-57a2d4851a1d" relativeResultsDirectory="161e034a-229f-4f66-be51-cb4006cf0836" />
    <UnitTestResult executionId="b43aef61-b45a-4beb-84cd-84d9f1f17bc2" testId="dfc759e7-6e49-8b48-f03b-65784bf11222" testName="SumTreeWithLineNumbers_ShouldTrackLines (&quot;Line 1&#xA;Line 2&#xA;Line 3&quot;,2,6,20)" computerName="MassaPCLinux" duration="00:00:00.0016902" startTime="2025-06-26T10:31:29.5491807-05:00" endTime="2025-06-26T10:31:29.5511428-05:00" testType="13cdc9d9-ddb5-4fa4-a97d-d965ccfc6d4b" outcome="Passed" testListId="8c84fa94-04c1-424b-9868-57a2d4851a1d" relativeResultsDirectory="b43aef61-b45a-4beb-84cd-84d9f1f17bc2" />
    <UnitTestResult executionId="8a3a6298-f3fd-4332-8f88-caa0e41acb93" testId="ae004d8d-d10d-8fa8-ad50-23f82a73891c" testName="WithDimension_ShouldAddNewDimension (&quot;Test string with brackets ()&quot;)" computerName="MassaPCLinux" duration="00:00:00.0001262" startTime="2025-06-26T10:31:29.5909374-05:00" endTime="2025-06-26T10:31:29.5911160-05:00" testType="13cdc9d9-ddb5-4fa4-a97d-d965ccfc6d4b" outcome="Passed" testListId="8c84fa94-04c1-424b-9868-57a2d4851a1d" relativeResultsDirectory="8a3a6298-f3fd-4332-8f88-caa0e41acb93" />
    <UnitTestResult executionId="a67bc8f7-0f6d-4e6a-914e-9131b7b02ced" testId="d95ffb4c-9587-2f7d-0ea6-69066245334e" testName="FindNthOpenBracket_ShouldReturnCorrectPosition (&quot;func() { if (x) { return []; } }&quot;,'{',2,16)" computerName="MassaPCLinux" duration="00:00:00.0000195" startTime="2025-06-26T10:31:29.5680149-05:00" endTime="2025-06-26T10:31:29.5680807-05:00" testType="13cdc9d9-ddb5-4fa4-a97d-d965ccfc6d4b" outcome="Passed" testListId="8c84fa94-04c1-424b-9868-57a2d4851a1d" relativeResultsDirectory="a67bc8f7-0f6d-4e6a-914e-9131b7b02ced" />
    <UnitTestResult executionId="16ca0595-934d-4693-9722-626a35aa0a06" testId="1fcaebab-75a3-a428-83a8-f5e3e7827169" testName="SumTreeWithLineNumbers_ShouldTrackLines (&quot;Single line&quot;,0,11,11)" computerName="MassaPCLinux" duration="00:00:00.0003827" startTime="2025-06-26T10:31:29.5514645-05:00" endTime="2025-06-26T10:31:29.5519342-05:00" testType="13cdc9d9-ddb5-4fa4-a97d-d965ccfc6d4b" outcome="Passed" testListId="8c84fa94-04c1-424b-9868-57a2d4851a1d" relativeResultsDirectory="16ca0595-934d-4693-9722-626a35aa0a06" />
    <UnitTestResult executionId="f63893ca-278d-48b8-8b2e-47b16d6e684c" testId="b3ac0c46-1e5f-9edf-465a-ae3f16d77664" testName="StructuralNotEqualsOperator" computerName="MassaPCLinux" duration="00:00:00.0000916" startTime="2025-06-26T10:31:29.3983601-05:00" endTime="2025-06-26T10:31:29.3984954-05:00" testType="13cdc9d9-ddb5-4fa4-a97d-d965ccfc6d4b" outcome="Passed" testListId="8c84fa94-04c1-424b-9868-57a2d4851a1d" relativeResultsDirectory="f63893ca-278d-48b8-8b2e-47b16d6e684c" />
    <UnitTestResult executionId="16b5020e-4458-443a-b79f-a74f55a8af6f" testId="81194c66-8ee5-a02e-e1a9-85cd2de6ff3e" testName="IndexOfEmptyPattern" computerName="MassaPCLinux" duration="00:00:00.0001045" startTime="2025-06-26T10:31:29.5453018-05:00" endTime="2025-06-26T10:31:29.5454421-05:00" testType="13cdc9d9-ddb5-4fa4-a97d-d965ccfc6d4b" outcome="Passed" testListId="8c84fa94-04c1-424b-9868-57a2d4851a1d" relativeResultsDirectory="16b5020e-4458-443a-b79f-a74f55a8af6f" />
    <UnitTestResult executionId="d0e166ea-8520-46bf-b4b5-b5f3665c9c90" testId="914a390e-a7d7-35e8-be41-4a13dd6fcf44" testName="AddRange_ShouldAppendSumTree (&quot;Hello&quot;,&quot; World&quot;,&quot;Hello World&quot;)" computerName="MassaPCLinux" duration="00:00:00.0002895" startTime="2025-06-26T10:31:29.5984543-05:00" endTime="2025-06-26T10:31:29.5987980-05:00" testType="13cdc9d9-ddb5-4fa4-a97d-d965ccfc6d4b" outcome="Passed" testListId="8c84fa94-04c1-424b-9868-57a2d4851a1d" relativeResultsDirectory="d0e166ea-8520-46bf-b4b5-b5f3665c9c90" />
    <UnitTestResult executionId="3893490d-50b3-4842-a7d4-1f32a193c9b3" testId="306d0b15-742b-217c-7070-5e921f71e05f" testName="HashCodesForTheConcatenatedStringMatch" computerName="MassaPCLinux" duration="00:00:00.0001497" startTime="2025-06-26T10:31:29.3713581-05:00" endTime="2025-06-26T10:31:29.3715474-05:00" testType="13cdc9d9-ddb5-4fa4-a97d-d965ccfc6d4b" outcome="Passed" testListId="8c84fa94-04c1-424b-9868-57a2d4851a1d" relativeResultsDirectory="3893490d-50b3-4842-a7d4-1f32a193c9b3" />
    <UnitTestResult executionId="3a196174-ea2c-4739-92f8-78d07b27a539" testId="3cfe7fb5-0606-8b60-edcd-8fbd9d2c89f4" testName="Concatenation_ShouldCombineDimensions (&quot;Line 1&#xA;&quot;,&quot;Line 2&#xA;&quot;,2)" computerName="MassaPCLinux" duration="00:00:00.0001074" startTime="2025-06-26T10:31:29.5788276-05:00" endTime="2025-06-26T10:31:29.5789856-05:00" testType="13cdc9d9-ddb5-4fa4-a97d-d965ccfc6d4b" outcome="Passed" testListId="8c84fa94-04c1-424b-9868-57a2d4851a1d" relativeResultsDirectory="3a196174-ea2c-4739-92f8-78d07b27a539" />
    <UnitTestResult executionId="18995850-72d8-4c7e-b4c3-2ba6cb1364c0" testId="e911ceda-5f2b-a3aa-7186-3d088e9863b3" testName="StartsWith" computerName="MassaPCLinux" duration="00:00:00.0002393" startTime="2025-06-26T10:31:29.3717940-05:00" endTime="2025-06-26T10:31:29.3720780-05:00" testType="13cdc9d9-ddb5-4fa4-a97d-d965ccfc6d4b" outcome="Passed" testListId="8c84fa94-04c1-424b-9868-57a2d4851a1d" relativeResultsDirectory="18995850-72d8-4c7e-b4c3-2ba6cb1364c0" />
    <UnitTestResult executionId="9d15e324-6fde-4db4-ac4e-36a1ab852189" testId="2964d15a-85ba-17ca-6bb3-078a34436a15" testName="AddRange_ShouldAppendSumTree (&quot;&quot;,&quot;Test&quot;,&quot;Test&quot;)" computerName="MassaPCLinux" duration="00:00:00.0001049" startTime="2025-06-26T10:31:29.5990316-05:00" endTime="2025-06-26T10:31:29.5991886-05:00" testType="13cdc9d9-ddb5-4fa4-a97d-d965ccfc6d4b" outcome="Passed" testListId="8c84fa94-04c1-424b-9868-57a2d4851a1d" relativeResultsDirectory="9d15e324-6fde-4db4-ac4e-36a1ab852189" />
    <UnitTestResult executionId="fb32cff5-3ce2-46d6-a56a-3157661aa956" testId="767b66b1-ee66-9f37-46f5-032941bebb93" testName="CombineEmpty" computerName="MassaPCLinux" duration="00:00:00.0001224" startTime="2025-06-26T10:31:29.5427699-05:00" endTime="2025-06-26T10:31:29.5429365-05:00" testType="13cdc9d9-ddb5-4fa4-a97d-d965ccfc6d4b" outcome="Passed" testListId="8c84fa94-04c1-424b-9868-57a2d4851a1d" relativeResultsDirectory="fb32cff5-3ce2-46d6-a56a-3157661aa956" />
    <UnitTestResult executionId="29027db2-d07f-424e-b9f8-7102fbea3187" testId="fa0fed7d-3bae-6547-4081-a596d50ae120" testName="InsertAtLineColumn_ShouldInsertAtCorrectPosition (&quot;First&#xA;Second&quot;,1,6,&quot; End&quot;,&quot;First End&#xA;Second&quot;)" computerName="MassaPCLinux" duration="00:00:00.0002128" startTime="2025-06-26T10:31:29.5730412-05:00" endTime="2025-06-26T10:31:29.5733315-05:00" testType="13cdc9d9-ddb5-4fa4-a97d-d965ccfc6d4b" outcome="Passed" testListId="8c84fa94-04c1-424b-9868-57a2d4851a1d" relativeResultsDirectory="29027db2-d07f-424e-b9f8-7102fbea3187" />
    <UnitTestResult executionId="2060ccba-5883-4b29-bc12-e7e7a6bfb6de" testId="4b0f819f-ff9a-4f04-9be3-e10aec453987" testName="RemoveRange_ShouldUpdateSummaries (&quot;A&#xA;B&#xA;C&quot;,2,2,1,&quot;A&#xA;C&quot;)" computerName="MassaPCLinux" duration="00:00:00.0000248" startTime="2025-06-26T10:31:29.5928942-05:00" endTime="2025-06-26T10:31:29.5929847-05:00" testType="13cdc9d9-ddb5-4fa4-a97d-d965ccfc6d4b" outcome="Passed" testListId="8c84fa94-04c1-424b-9868-57a2d4851a1d" relativeResultsDirectory="2060ccba-5883-4b29-bc12-e7e7a6bfb6de" />
    <UnitTestResult executionId="ed22b48d-6791-4211-b3b9-6659c21f9624" testId="3b0ccbef-7483-9364-f0ae-b40f2623d76a" testName="InsertSortedStart" computerName="MassaPCLinux" duration="00:00:00.0001484" startTime="2025-06-26T10:31:29.5248373-05:00" endTime="2025-06-26T10:31:29.5250451-05:00" testType="13cdc9d9-ddb5-4fa4-a97d-d965ccfc6d4b" outcome="Passed" testListId="8c84fa94-04c1-424b-9868-57a2d4851a1d" relativeResultsDirectory="ed22b48d-6791-4211-b3b9-6659c21f9624" />
    <UnitTestResult executionId="72df6ed3-097d-498c-ab5a-56ad294d41ac" testId="72dd0648-533e-09df-1292-8688669c3944" testName="SumTreeWithBrackets_ShouldTrackBrackets (&quot;((nested))&quot;,2,2,0,0,0,0,True)" computerName="MassaPCLinux" duration="00:00:00.0000130" startTime="2025-06-26T10:31:29.5571568-05:00" endTime="2025-06-26T10:31:29.5572260-05:00" testType="13cdc9d9-ddb5-4fa4-a97d-d965ccfc6d4b" outcome="Passed" testListId="8c84fa94-04c1-424b-9868-57a2d4851a1d" relativeResultsDirectory="72df6ed3-097d-498c-ab5a-56ad294d41ac" />
    <UnitTestResult executionId="5a92f515-071e-4db4-8a9b-3a17ff58042d" testId="4a009e91-57c9-9159-9d3f-a310699ef1c8" testName="ToStringTest (2,2)" computerName="MassaPCLinux" duration="00:00:00.0000072" startTime="2025-06-26T10:31:29.5323146-05:00" endTime="2025-06-26T10:31:29.5323691-05:00" testType="13cdc9d9-ddb5-4fa4-a97d-d965ccfc6d4b" outcome="Passed" testListId="8c84fa94-04c1-424b-9868-57a2d4851a1d" relativeResultsDirectory="5a92f515-071e-4db4-8a9b-3a17ff58042d" />
    <UnitTestResult executionId="d54b3aa7-5aad-48f9-b41d-6c01dfac7df9" testId="5370776b-72f4-738b-a1a2-99950326640a" testName="PartitionedElementAtIndexOutOfRangeException" computerName="MassaPCLinux" duration="00:00:00.0001479" startTime="2025-06-26T10:31:29.3947188-05:00" endTime="2025-06-26T10:31:29.3949140-05:00" testType="13cdc9d9-ddb5-4fa4-a97d-d965ccfc6d4b" outcome="Passed" testListId="8c84fa94-04c1-424b-9868-57a2d4851a1d" relativeResultsDirectory="d54b3aa7-5aad-48f9-b41d-6c01dfac7df9" />
    <UnitTestResult executionId="eeddb8c9-da61-4ff1-b7b3-10fe8cd0745a" testId="b28759d6-d793-f9aa-f694-f6dd440d26a5" testName="GetLineAndColumn_ShouldReturnCorrectPosition (&quot;First&#xA;Second&quot;,6,2,1)" computerName="MassaPCLinux" duration="00:00:00.0000169" startTime="2025-06-26T10:31:29.5650787-05:00" endTime="2025-06-26T10:31:29.5651418-05:00" testType="13cdc9d9-ddb5-4fa4-a97d-d965ccfc6d4b" outcome="Passed" testListId="8c84fa94-04c1-424b-9868-57a2d4851a1d" relativeResultsDirectory="eeddb8c9-da61-4ff1-b7b3-10fe8cd0745a" />
    <UnitTestResult executionId="2c622748-fd70-4c3b-80e9-00b9d2cfa3c0" testId="7031e5c1-b2e3-155f-f4d1-4456a8df9f9c" testName="Concatenation_ShouldCombineDimensions (&quot;Test&#xA;&quot;,&quot;&quot;,1)" computerName="MassaPCLinux" duration="00:00:00.0000111" startTime="2025-06-26T10:31:29.5807024-05:00" endTime="2025-06-26T10:31:29.5807575-05:00" testType="13cdc9d9-ddb5-4fa4-a97d-d965ccfc6d4b" outcome="Passed" testListId="8c84fa94-04c1-424b-9868-57a2d4851a1d" relativeResultsDirectory="2c622748-fd70-4c3b-80e9-00b9d2cfa3c0" />
    <UnitTestResult executionId="ef124857-0bd9-4b43-8a2f-5ba7b901bf28" testId="24436fb2-2a28-aad7-3564-e6ad43f61c99" testName="ConvertingToString" computerName="MassaPCLinux" duration="00:00:00.0004374" startTime="2025-06-26T10:31:29.3890760-05:00" endTime="2025-06-26T10:31:29.3895554-05:00" testType="13cdc9d9-ddb5-4fa4-a97d-d965ccfc6d4b" outcome="Passed" testListId="8c84fa94-04c1-424b-9868-57a2d4851a1d" relativeResultsDirectory="ef124857-0bd9-4b43-8a2f-5ba7b901bf28" />
    <UnitTestResult executionId="f02ef3eb-8e19-4f21-b3ba-7e96d70303f1" testId="4770d6a9-f236-b2b8-7bae-120485e78d37" testName="SumTreeWithLineNumbers_ShouldTrackLines (&quot;First&#xA;Second&#xA;Third&#xA;Fourth&quot;,3,6,25)" computerName="MassaPCLinux" duration="00:00:00.0000134" startTime="2025-06-26T10:31:29.5522202-05:00" endTime="2025-06-26T10:31:29.5523011-05:00" testType="13cdc9d9-ddb5-4fa4-a97d-d965ccfc6d4b" outcome="Passed" testListId="8c84fa94-04c1-424b-9868-57a2d4851a1d" relativeResultsDirectory="f02ef3eb-8e19-4f21-b3ba-7e96d70303f1" />
    <UnitTestResult executionId="e9b4470a-c526-4c7d-80ec-edab1560b0cf" testId="19c9596d-2464-5ecd-ca24-38e6f271cce2" testName="Concatenation_ShouldCombineDimensions (&quot;&quot;,&quot;Test&#xA;&quot;,1)" computerName="MassaPCLinux" duration="00:00:00.0000132" startTime="2025-06-26T10:31:29.5804109-05:00" endTime="2025-06-26T10:31:29.5804791-05:00" testType="13cdc9d9-ddb5-4fa4-a97d-d965ccfc6d4b" outcome="Passed" testListId="8c84fa94-04c1-424b-9868-57a2d4851a1d" relativeResultsDirectory="e9b4470a-c526-4c7d-80ec-edab1560b0cf" />
    <UnitTestResult executionId="af54da54-1f63-48ee-8a27-047958e56204" testId="4749d9ef-7e47-f0a6-4664-d1ccefd2be3a" testName="SumTreeWithBrackets_ShouldTrackBrackets (&quot;&quot;,0,0,0,0,0,0,True)" computerName="MassaPCLinux" duration="00:00:00.0002114" startTime="2025-06-26T10:31:29.5575400-05:00" endTime="2025-06-26T10:31:29.5578244-05:00" testType="13cdc9d9-ddb5-4fa4-a97d-d965ccfc6d4b" outcome="Passed" testListId="8c84fa94-04c1-424b-9868-57a2d4851a1d" relativeResultsDirectory="af54da54-1f63-48ee-8a27-047958e56204" />
    <UnitTestResult executionId="a224df5e-fff5-4342-b4ab-64fe528bc137" testId="70d15189-490f-034b-1b6c-e5d3df6def29" testName="Slice_ShouldReturnCorrectSubstring (&quot;ABCDEFG&quot;,1,3,&quot;BCD&quot;)" computerName="MassaPCLinux" duration="00:00:00.0000178" startTime="2025-06-26T10:31:29.5965278-05:00" endTime="2025-06-26T10:31:29.5965925-05:00" testType="13cdc9d9-ddb5-4fa4-a97d-d965ccfc6d4b" outcome="Passed" testListId="8c84fa94-04c1-424b-9868-57a2d4851a1d" relativeResultsDirectory="a224df5e-fff5-4342-b4ab-64fe528bc137" />
    <UnitTestResult executionId="c6b38352-78dd-46cc-b4f4-c4511c19138c" testId="a4dbf275-9a25-cda9-e4c2-b6c4da75cbe4" testName="RemoveBeyondTailArgumentOutOfRangeException" computerName="MassaPCLinux" duration="00:00:00.0000939" startTime="2025-06-26T10:31:29.3920331-05:00" endTime="2025-06-26T10:31:29.3921636-05:00" testType="13cdc9d9-ddb5-4fa4-a97d-d965ccfc6d4b" outcome="Passed" testListId="8c84fa94-04c1-424b-9868-57a2d4851a1d" relativeResultsDirectory="c6b38352-78dd-46cc-b4f4-c4511c19138c" />
    <UnitTestResult executionId="8196b47f-dff9-4e35-a7ff-b6f453ae4e81" testId="e636e5f5-3bed-6b03-dcd3-17e1cb945288" testName="ToStringTest (256,3)" computerName="MassaPCLinux" duration="00:00:00.0000262" startTime="2025-06-26T10:31:29.5333132-05:00" endTime="2025-06-26T10:31:29.5333991-05:00" testType="13cdc9d9-ddb5-4fa4-a97d-d965ccfc6d4b" outcome="Passed" testListId="8c84fa94-04c1-424b-9868-57a2d4851a1d" relativeResultsDirectory="8196b47f-dff9-4e35-a7ff-b6f453ae4e81" />
    <UnitTestResult executionId="63f94034-3fe6-40b3-8022-6e4790dce67d" testId="8f79dadd-7a59-e363-c798-65c64724e109" testName="Add_ShouldAppendElement (&quot;Test&quot;,'&#xA;',&quot;Test&#xA;&quot;)" computerName="MassaPCLinux" duration="00:00:00.0000173" startTime="2025-06-26T10:31:29.5977270-05:00" endTime="2025-06-26T10:31:29.5977913-05:00" testType="13cdc9d9-ddb5-4fa4-a97d-d965ccfc6d4b" outcome="Passed" testListId="8c84fa94-04c1-424b-9868-57a2d4851a1d" relativeResultsDirectory="63f94034-3fe6-40b3-8022-6e4790dce67d" />
    <UnitTestResult executionId="4585a2f6-af4c-4d0e-86b2-ca50987f253b" testId="18e0cdab-1c09-46cb-8d8f-78c74eee2435" testName="CustomDimension_ShouldWork (['x','y','z'],0)" computerName="MassaPCLinux" duration="00:00:00.0002963" startTime="2025-06-26T10:31:29.5860246-05:00" endTime="2025-06-26T10:31:29.5864050-05:00" testType="13cdc9d9-ddb5-4fa4-a97d-d965ccfc6d4b" outcome="Passed" testListId="8c84fa94-04c1-424b-9868-57a2d4851a1d" relativeResultsDirectory="4585a2f6-af4c-4d0e-86b2-ca50987f253b" />
    <UnitTestResult executionId="98a741a8-cb7d-4c94-a433-7a52fee4a112" testId="8af68480-5bfc-3b2d-ccec-940fd829559e" testName="WithDimension_ShouldAddNewDimension (&quot;&quot;)" computerName="MassaPCLinux" duration="00:00:00.0000094" startTime="2025-06-26T10:31:29.5913461-05:00" endTime="2025-06-26T10:31:29.5913972-05:00" testType="13cdc9d9-ddb5-4fa4-a97d-d965ccfc6d4b" outcome="Passed" testListId="8c84fa94-04c1-424b-9868-57a2d4851a1d" relativeResultsDirectory="98a741a8-cb7d-4c94-a433-7a52fee4a112" />
    <UnitTestResult executionId="56a232db-98a3-4a76-9941-8b6427255a98" testId="c58f528a-9069-ecc2-83ca-f9a3e8a2564d" testName="GetLineContent_ShouldReturnCorrectContent (&quot;Single line&quot;,1,&quot;Single line&quot;)" computerName="MassaPCLinux" duration="00:00:00.0002750" startTime="2025-06-26T10:31:29.5612136-05:00" endTime="2025-06-26T10:31:29.5615442-05:00" testType="13cdc9d9-ddb5-4fa4-a97d-d965ccfc6d4b" outcome="Passed" testListId="8c84fa94-04c1-424b-9868-57a2d4851a1d" relativeResultsDirectory="56a232db-98a3-4a76-9941-8b6427255a98" />
    <UnitTestResult executionId="301e1f99-e208-4461-a6ff-47c31f4eb09e" testId="150daef9-5140-8154-e256-600f7a816b36" testName="AreBracketsBalanced_ShouldDetectImbalance (&quot;[}]&quot;,False)" computerName="MassaPCLinux" duration="00:00:00.0000274" startTime="2025-06-26T10:31:29.5765318-05:00" endTime="2025-06-26T10:31:29.5766180-05:00" testType="13cdc9d9-ddb5-4fa4-a97d-d965ccfc6d4b" outcome="Passed" testListId="8c84fa94-04c1-424b-9868-57a2d4851a1d" relativeResultsDirectory="301e1f99-e208-4461-a6ff-47c31f4eb09e" />
    <UnitTestResult executionId="c9143215-c96d-4cd9-9a9b-6686bfa62e9a" testId="f3fde20e-4e2b-a8d0-abd8-a7e1a6452bb3" testName="SumTreeWithBrackets_ShouldTrackBrackets (&quot;function() { return [1, 2]; }&quot;,1,1,1,1,1,1,True)" computerName="MassaPCLinux" duration="00:00:00.0010962" startTime="2025-06-26T10:31:29.5536611-05:00" endTime="2025-06-26T10:31:29.5549061-05:00" testType="13cdc9d9-ddb5-4fa4-a97d-d965ccfc6d4b" outcome="Passed" testListId="8c84fa94-04c1-424b-9868-57a2d4851a1d" relativeResultsDirectory="c9143215-c96d-4cd9-9a9b-6686bfa62e9a" />
    <UnitTestResult executionId="eb2bf759-c9f9-4c49-8627-07314fd00249" testId="c0ba4758-889c-8611-5c7c-5c6b9d6bbef0" testName="FindNthOpenBracket_ShouldReturnCorrectPosition (&quot;func() { if (x) { return []; } }&quot;,'[',1,25)" computerName="MassaPCLinux" duration="00:00:00.0000219" startTime="2025-06-26T10:31:29.5683046-05:00" endTime="2025-06-26T10:31:29.5683756-05:00" testType="13cdc9d9-ddb5-4fa4-a97d-d965ccfc6d4b" outcome="Passed" testListId="8c84fa94-04c1-424b-9868-57a2d4851a1d" relativeResultsDirectory="eb2bf759-c9f9-4c49-8627-07314fd00249" />
    <UnitTestResult executionId="bf688e9d-960e-49a9-8f87-12293e3f5932" testId="f22f803d-06c5-d22e-b8e5-31f50289741a" testName="CustomDimension_ShouldWork (['a'],1)" computerName="MassaPCLinux" duration="00:00:00.0000159" startTime="2025-06-26T10:31:29.5876036-05:00" endTime="2025-06-26T10:31:29.5876796-05:00" testType="13cdc9d9-ddb5-4fa4-a97d-d965ccfc6d4b" outcome="Passed" testListId="8c84fa94-04c1-424b-9868-57a2d4851a1d" relativeResultsDirectory="bf688e9d-960e-49a9-8f87-12293e3f5932" />
    <UnitTestResult executionId="bd0fec76-99af-48cb-af0f-21e6d6d14753" testId="a4fa5608-4f3d-63b3-64a2-f8084758d031" testName="Add_ShouldAppendElement (&quot;Hello&quot;,'X',&quot;HelloX&quot;)" computerName="MassaPCLinux" duration="00:00:00.0002111" startTime="2025-06-26T10:31:29.5968096-05:00" endTime="2025-06-26T10:31:29.5970715-05:00" testType="13cdc9d9-ddb5-4fa4-a97d-d965ccfc6d4b" outcome="Passed" testListId="8c84fa94-04c1-424b-9868-57a2d4851a1d" relativeResultsDirectory="bd0fec76-99af-48cb-af0f-21e6d6d14753" />
    <UnitTestResult executionId="54b5c59e-f9ab-4597-8000-22078c51d614" testId="f9de3322-2b34-5a1a-7184-f9c44a20864f" testName="LastIndexOfWithStartIndex" computerName="MassaPCLinux" duration="00:00:00.0002570" startTime="2025-06-26T10:31:29.5442961-05:00" endTime="2025-06-26T10:31:29.5445903-05:00" testType="13cdc9d9-ddb5-4fa4-a97d-d965ccfc6d4b" outcome="Passed" testListId="8c84fa94-04c1-424b-9868-57a2d4851a1d" relativeResultsDirectory="54b5c59e-f9ab-4597-8000-22078c51d614" />
    <UnitTestResult executionId="acb6e6d3-ab89-4853-bc6d-6f5cdfefce3b" testId="02a1d4ae-f61e-8d7c-483b-a811accf2dff" testName="Insert_ShouldMaintainSummaries (&quot;Line 1&#xA;Line 2&quot;,'&#xA;',1)" computerName="MassaPCLinux" duration="00:00:00.0009368" startTime="2025-06-26T10:31:29.5701854-05:00" endTime="2025-06-26T10:31:29.5711803-05:00" testType="13cdc9d9-ddb5-4fa4-a97d-d965ccfc6d4b" outcome="Passed" testListId="8c84fa94-04c1-424b-9868-57a2d4851a1d" relativeResultsDirectory="acb6e6d3-ab89-4853-bc6d-6f5cdfefce3b" />
    <UnitTestResult executionId="4b6d9421-d58a-4ada-be5f-6db42860fe2b" testId="b83b2ac5-324a-bb77-6eb0-044edd79ddd3" testName="GetLineContent_ShouldReturnCorrectContent (&quot;Line 1&#xA;Line 2&#xA;Line 3&quot;,1,&quot;Line 1&quot;)" computerName="MassaPCLinux" duration="00:00:00.0009434" startTime="2025-06-26T10:31:29.5599656-05:00" endTime="2025-06-26T10:31:29.5609709-05:00" testType="13cdc9d9-ddb5-4fa4-a97d-d965ccfc6d4b" outcome="Passed" testListId="8c84fa94-04c1-424b-9868-57a2d4851a1d" relativeResultsDirectory="4b6d9421-d58a-4ada-be5f-6db42860fe2b" />
    <UnitTestResult executionId="ea62dbbd-b487-4e7b-9671-0df1cedf525f" testId="355298f1-dd8a-57f9-bf47-fa30cf68eb14" testName="LastIndexOfElement" computerName="MassaPCLinux" duration="00:00:00.0002174" startTime="2025-06-26T10:31:29.5381544-05:00" endTime="2025-06-26T10:31:29.5384332-05:00" testType="13cdc9d9-ddb5-4fa4-a97d-d965ccfc6d4b" outcome="Passed" testListId="8c84fa94-04c1-424b-9868-57a2d4851a1d" relativeResultsDirectory="ea62dbbd-b487-4e7b-9671-0df1cedf525f" />
    <UnitTestResult executionId="f41f7bfa-c1b7-4680-a575-9bcb825a309b" testId="aadf8648-a41a-c3d9-fa9b-06ed6eeddc14" testName="SplitAt_ShouldPreserveDimensions (&quot;Line 1&#xA;Line 2&#xA;Line 3&quot;,7,1,1)" computerName="MassaPCLinux" duration="00:00:00.0001501" startTime="2025-06-26T10:31:29.5775385-05:00" endTime="2025-06-26T10:31:29.5777658-05:00" testType="13cdc9d9-ddb5-4fa4-a97d-d965ccfc6d4b" outcome="Passed" testListId="8c84fa94-04c1-424b-9868-57a2d4851a1d" relativeResultsDirectory="f41f7bfa-c1b7-4680-a575-9bcb825a309b" />
    <UnitTestResult executionId="c2afd827-745b-4fb7-88de-a74bc1179f74" testId="1c8ff3ca-ddc5-ade1-91f1-794d2e28761d" testName="ToStringTest (5,2)" computerName="MassaPCLinux" duration="00:00:00.0000098" startTime="2025-06-26T10:31:29.5329938-05:00" endTime="2025-06-26T10:31:29.5330618-05:00" testType="13cdc9d9-ddb5-4fa4-a97d-d965ccfc6d4b" outcome="Passed" testListId="8c84fa94-04c1-424b-9868-57a2d4851a1d" relativeResultsDirectory="c2afd827-745b-4fb7-88de-a74bc1179f74" />
    <UnitTestResult executionId="ab1cf4ad-e94c-493c-935e-eb0b3d64096b" testId="baa6223c-653f-971e-e2b2-07b04a41e9a4" testName="GetLineAndColumn_ShouldReturnCorrectPosition (&quot;Line 1&#xA;Line 2&#xA;Line 3&quot;,10,2,4)" computerName="MassaPCLinux" duration="00:00:00.0000187" startTime="2025-06-26T10:31:29.5636249-05:00" endTime="2025-06-26T10:31:29.5636958-05:00" testType="13cdc9d9-ddb5-4fa4-a97d-d965ccfc6d4b" outcome="Passed" testListId="8c84fa94-04c1-424b-9868-57a2d4851a1d" relativeResultsDirectory="ab1cf4ad-e94c-493c-935e-eb0b3d64096b" />
    <UnitTestResult executionId="2c3dbcc2-418d-4c3d-9469-a65bd6a1fdc9" testId="28675d96-bf36-2322-bc4b-ca8d1e012542" testName="NodeElementAtIndexOutOfRangeException" computerName="MassaPCLinux" duration="00:00:00.0001579" startTime="2025-06-26T10:31:29.3934703-05:00" endTime="2025-06-26T10:31:29.3936681-05:00" testType="13cdc9d9-ddb5-4fa4-a97d-d965ccfc6d4b" outcome="Passed" testListId="8c84fa94-04c1-424b-9868-57a2d4851a1d" relativeResultsDirectory="2c3dbcc2-418d-4c3d-9469-a65bd6a1fdc9" />
    <UnitTestResult executionId="2e2b2083-cfd0-4782-a04a-31a0e84b9736" testId="57130889-11e7-9d73-1206-5b787ed95a94" testName="SingleElementConstructor" computerName="MassaPCLinux" duration="00:00:00.0004765" startTime="2025-06-26T10:31:29.5397606-05:00" endTime="2025-06-26T10:31:29.5402821-05:00" testType="13cdc9d9-ddb5-4fa4-a97d-d965ccfc6d4b" outcome="Passed" testListId="8c84fa94-04c1-424b-9868-57a2d4851a1d" relativeResultsDirectory="2e2b2083-cfd0-4782-a04a-31a0e84b9736" />
    <UnitTestResult executionId="0764e455-8521-473b-a87e-cee651f9fafe" testId="07f0c4ec-66f9-1e9d-8aba-67b33ca771db" testName="IndexOfWithStartIndex" computerName="MassaPCLinux" duration="00:00:00.0003478" startTime="2025-06-26T10:31:29.5431499-05:00" endTime="2025-06-26T10:31:29.5435351-05:00" testType="13cdc9d9-ddb5-4fa4-a97d-d965ccfc6d4b" outcome="Passed" testListId="8c84fa94-04c1-424b-9868-57a2d4851a1d" relativeResultsDirectory="0764e455-8521-473b-a87e-cee651f9fafe" />
    <UnitTestResult executionId="53d62e25-76c3-4ccc-bd49-8f785cb0eb41" testId="ab7ba90f-54bd-84c7-a1c7-357ca3f52848" testName="StringNotEqualsOperator" computerName="MassaPCLinux" duration="00:00:00.0000995" startTime="2025-06-26T10:31:29.3968225-05:00" endTime="2025-06-26T10:31:29.3969651-05:00" testType="13cdc9d9-ddb5-4fa4-a97d-d965ccfc6d4b" outcome="Passed" testListId="8c84fa94-04c1-424b-9868-57a2d4851a1d" relativeResultsDirectory="53d62e25-76c3-4ccc-bd49-8f785cb0eb41" />
    <UnitTestResult executionId="9818d98f-e75d-4b65-8890-f489bab47466" testId="1733f1fb-855f-286d-ad30-0b8a1a67cf7c" testName="SumTreeWithBrackets_ShouldTrackBrackets (&quot;array[index] = value;&quot;,0,0,1,1,0,0,True)" computerName="MassaPCLinux" duration="00:00:00.0000327" startTime="2025-06-26T10:31:29.5564160-05:00" endTime="2025-06-26T10:31:29.5565324-05:00" testType="13cdc9d9-ddb5-4fa4-a97d-d965ccfc6d4b" outcome="Passed" testListId="8c84fa94-04c1-424b-9868-57a2d4851a1d" relativeResultsDirectory="9818d98f-e75d-4b65-8890-f489bab47466" />
    <UnitTestResult executionId="ac100dc6-a82a-4ec3-b7ae-2de7636c51f9" testId="85b0687c-5ac6-e77f-bf2e-ae2f07a801b6" testName="WithDimension_ShouldAddNewDimension (&quot;Multiple&#xA;Lines&#xA;Here&quot;)" computerName="MassaPCLinux" duration="00:00:00.0000128" startTime="2025-06-26T10:31:29.5916215-05:00" endTime="2025-06-26T10:31:29.5916763-05:00" testType="13cdc9d9-ddb5-4fa4-a97d-d965ccfc6d4b" outcome="Passed" testListId="8c84fa94-04c1-424b-9868-57a2d4851a1d" relativeResultsDirectory="ac100dc6-a82a-4ec3-b7ae-2de7636c51f9" />
    <UnitTestResult executionId="f54c116c-6e41-4a41-b198-b933c2a25884" testId="52644530-4c46-64c4-5558-50cf306f5f7e" testName="IndexOfElement" computerName="MassaPCLinux" duration="00:00:00.0003701" startTime="2025-06-26T10:31:29.5354013-05:00" endTime="2025-06-26T10:31:29.5358173-05:00" testType="13cdc9d9-ddb5-4fa4-a97d-d965ccfc6d4b" outcome="Passed" testListId="8c84fa94-04c1-424b-9868-57a2d4851a1d" relativeResultsDirectory="f54c116c-6e41-4a41-b198-b933c2a25884" />
    <UnitTestResult executionId="9fd5f64b-5e5a-4b01-bfe4-5e596f10a9fe" testId="3eb2936b-aa09-ed02-ba86-743e84267c4d" testName="AreBracketsBalanced_ShouldDetectImbalance (&quot;function() { return [1, 2]; }&quot;,True)" computerName="MassaPCLinux" duration="00:00:00.0006463" startTime="2025-06-26T10:31:29.5736457-05:00" endTime="2025-06-26T10:31:29.5743607-05:00" testType="13cdc9d9-ddb5-4fa4-a97d-d965ccfc6d4b" outcome="Passed" testListId="8c84fa94-04c1-424b-9868-57a2d4851a1d" relativeResultsDirectory="9fd5f64b-5e5a-4b01-bfe4-5e596f10a9fe" />
    <UnitTestResult executionId="f8fb62bc-99e7-4024-a555-8b090860a019" testId="bd564fe1-a791-eacb-8c04-f07911d52bb3" testName="IndexOfPatternWithStartIndex" computerName="MassaPCLinux" duration="00:00:00.0002874" startTime="2025-06-26T10:31:29.5437513-05:00" endTime="2025-06-26T10:31:29.5440769-05:00" testType="13cdc9d9-ddb5-4fa4-a97d-d965ccfc6d4b" outcome="Passed" testListId="8c84fa94-04c1-424b-9868-57a2d4851a1d" relativeResultsDirectory="f8fb62bc-99e7-4024-a555-8b090860a019" />
    <UnitTestResult executionId="82d9dd96-ff97-4da1-aa76-387468d80a5d" testId="b7c31799-acf5-65c4-066e-9c0e003899bc" testName="StructuralEqualsEquivalence" computerName="MassaPCLinux" duration="00:00:00.0002294" startTime="2025-06-26T10:31:29.5266284-05:00" endTime="2025-06-26T10:31:29.5269108-05:00" testType="13cdc9d9-ddb5-4fa4-a97d-d965ccfc6d4b" outcome="Passed" testListId="8c84fa94-04c1-424b-9868-57a2d4851a1d" relativeResultsDirectory="82d9dd96-ff97-4da1-aa76-387468d80a5d" />
    <UnitTestResult executionId="87e903d1-d0d4-41cd-88c6-d2fdab183aa9" testId="8910a7a2-4485-9783-1ae7-0ea04a64214f" testName="GetLineAndColumn_ShouldReturnCorrectPosition (&quot;Line 1&#xA;Line 2&#xA;Line 3&quot;,0,1,1)" computerName="MassaPCLinux" duration="00:00:00.0002296" startTime="2025-06-26T10:31:29.5626423-05:00" endTime="2025-06-26T10:31:29.5629284-05:00" testType="13cdc9d9-ddb5-4fa4-a97d-d965ccfc6d4b" outcome="Passed" testListId="8c84fa94-04c1-424b-9868-57a2d4851a1d" relativeResultsDirectory="87e903d1-d0d4-41cd-88c6-d2fdab183aa9" />
    <UnitTestResult executionId="9cd4296e-671e-409c-8819-d2a21498b920" testId="0a611887-8033-0fd9-bf1d-442921132ca5" testName="CustomDimension_ShouldWork (['a','a','a','a'],4)" computerName="MassaPCLinux" duration="00:00:00.0000167" startTime="2025-06-26T10:31:29.5866821-05:00" endTime="2025-06-26T10:31:29.5867724-05:00" testType="13cdc9d9-ddb5-4fa4-a97d-d965ccfc6d4b" outcome="Passed" testListId="8c84fa94-04c1-424b-9868-57a2d4851a1d" relativeResultsDirectory="9cd4296e-671e-409c-8819-d2a21498b920" />
    <UnitTestResult executionId="b0c52382-a4ed-4a0f-b4e0-69e782f3bd03" testId="8ca85c6c-090f-6b74-98f9-9396c9f63366" testName="AreBracketsBalanced_ShouldDetectImbalance (&quot;&quot;,True)" computerName="MassaPCLinux" duration="00:00:00.0000946" startTime="2025-06-26T10:31:29.5768438-05:00" endTime="2025-06-26T10:31:29.5769874-05:00" testType="13cdc9d9-ddb5-4fa4-a97d-d965ccfc6d4b" outcome="Passed" testListId="8c84fa94-04c1-424b-9868-57a2d4851a1d" relativeResultsDirectory="b0c52382-a4ed-4a0f-b4e0-69e782f3bd03" />
    <UnitTestResult executionId="0d439ddd-4ad2-49e0-8545-bff6d13d5b63" testId="36c76f58-d424-4c6f-ea14-c8c2ea4bf741" testName="Concatenation_ShouldCombineDimensions (&quot;Hello&#xA;&quot;,&quot;World&#xA;&quot;,2)" computerName="MassaPCLinux" duration="00:00:00.0001205" startTime="2025-06-26T10:31:29.5792217-05:00" endTime="2025-06-26T10:31:29.5793972-05:00" testType="13cdc9d9-ddb5-4fa4-a97d-d965ccfc6d4b" outcome="Passed" testListId="8c84fa94-04c1-424b-9868-57a2d4851a1d" relativeResultsDirectory="0d439ddd-4ad2-49e0-8545-bff6d13d5b63" />
    <UnitTestResult executionId="8a786ceb-2eb4-4aa2-b2cb-183dd381c5dd" testId="7bab8e32-8273-4314-5965-15fd677a79e6" testName="CustomDimension_ShouldWork (['a','b','c','a','a'],3)" computerName="MassaPCLinux" duration="00:00:00.0030324" startTime="2025-06-26T10:31:29.5809739-05:00" endTime="2025-06-26T10:31:29.5857366-05:00" testType="13cdc9d9-ddb5-4fa4-a97d-d965ccfc6d4b" outcome="Passed" testListId="8c84fa94-04c1-424b-9868-57a2d4851a1d" relativeResultsDirectory="8a786ceb-2eb4-4aa2-b2cb-183dd381c5dd" />
    <UnitTestResult executionId="f7db053f-0e7b-47d3-a41b-768df74bb909" testId="e49aa7ed-5e8c-0323-a329-4281ff641989" testName="ToStringTest (256,24)" computerName="MassaPCLinux" duration="00:00:00.0000274" startTime="2025-06-26T10:31:29.5337379-05:00" endTime="2025-06-26T10:31:29.5338231-05:00" testType="13cdc9d9-ddb5-4fa4-a97d-d965ccfc6d4b" outcome="Passed" testListId="8c84fa94-04c1-424b-9868-57a2d4851a1d" relativeResultsDirectory="f7db053f-0e7b-47d3-a41b-768df74bb909" />
    <UnitTestResult executionId="bb7dc28c-9049-4d49-952e-905b0ed2f768" testId="27f06db2-9268-be80-39b2-07f529aabe5a" testName="EmptySumTreeEqualsEmptySumTree" computerName="MassaPCLinux" duration="00:00:00.0000623" startTime="2025-06-26T10:31:29.3995681-05:00" endTime="2025-06-26T10:31:29.3996697-05:00" testType="13cdc9d9-ddb5-4fa4-a97d-d965ccfc6d4b" outcome="Passed" testListId="8c84fa94-04c1-424b-9868-57a2d4851a1d" relativeResultsDirectory="bb7dc28c-9049-4d49-952e-905b0ed2f768" />
    <UnitTestResult executionId="e837fdbd-f3e6-4bc1-b164-cad1881221d4" testId="8a0bd34e-9881-a5c6-437e-d486c3b7e43a" testName="GetLineAndColumn_ShouldReturnCorrectPosition (&quot;Single line&quot;,0,1,1)" computerName="MassaPCLinux" duration="00:00:00.0000098" startTime="2025-06-26T10:31:29.5642076-05:00" endTime="2025-06-26T10:31:29.5642620-05:00" testType="13cdc9d9-ddb5-4fa4-a97d-d965ccfc6d4b" outcome="Passed" testListId="8c84fa94-04c1-424b-9868-57a2d4851a1d" relativeResultsDirectory="e837fdbd-f3e6-4bc1-b164-cad1881221d4" />
    <UnitTestResult executionId="75b3d2e3-4539-4d00-b658-87ace0c19477" testId="66ecc157-ff13-e77f-b625-2d6011840b23" testName="ConcatenationConstructor" computerName="MassaPCLinux" duration="00:00:00.0001235" startTime="2025-06-26T10:31:29.5410970-05:00" endTime="2025-06-26T10:31:29.5412683-05:00" testType="13cdc9d9-ddb5-4fa4-a97d-d965ccfc6d4b" outcome="Passed" testListId="8c84fa94-04c1-424b-9868-57a2d4851a1d" relativeResultsDirectory="75b3d2e3-4539-4d00-b658-87ace0c19477" />
    <UnitTestResult executionId="c813f162-37fa-482f-8050-739fa030c518" testId="7e7352b6-fe5a-a49a-fda8-1a8f81f1003e" testName="AreBracketsBalanced_ShouldDetectImbalance (&quot;[]{}()&quot;,True)" computerName="MassaPCLinux" duration="00:00:00.0000200" startTime="2025-06-26T10:31:29.5761893-05:00" endTime="2025-06-26T10:31:29.5762586-05:00" testType="13cdc9d9-ddb5-4fa4-a97d-d965ccfc6d4b" outcome="Passed" testListId="8c84fa94-04c1-424b-9868-57a2d4851a1d" relativeResultsDirectory="c813f162-37fa-482f-8050-739fa030c518" />
    <UnitTestResult executionId="9b4f9831-4528-4c85-8c8a-17001fa436b6" testId="0cba92ca-0b4b-9fef-eb37-af08699f1aa8" testName="FindNthOpenBracket_ShouldReturnCorrectPosition (&quot;((()))&quot;,'(',1,0)" computerName="MassaPCLinux" duration="00:00:00.0000141" startTime="2025-06-26T10:31:29.5686061-05:00" endTime="2025-06-26T10:31:29.5686673-05:00" testType="13cdc9d9-ddb5-4fa4-a97d-d965ccfc6d4b" outcome="Passed" testListId="8c84fa94-04c1-424b-9868-57a2d4851a1d" relativeResultsDirectory="9b4f9831-4528-4c85-8c8a-17001fa436b6" />
    <UnitTestResult executionId="7f9ed990-ba59-4454-a527-b30dabe26a2f" testId="2547f433-cd14-19d1-0b6c-eedb85a8e4a9" testName="SplitAt_ShouldPreserveDimensions (&quot;Hello&#xA;World&#xA;Test&quot;,6,1,1)" computerName="MassaPCLinux" duration="00:00:00.0001769" startTime="2025-06-26T10:31:29.5780438-05:00" endTime="2025-06-26T10:31:29.5782818-05:00" testType="13cdc9d9-ddb5-4fa4-a97d-d965ccfc6d4b" outcome="Passed" testListId="8c84fa94-04c1-424b-9868-57a2d4851a1d" relativeResultsDirectory="7f9ed990-ba59-4454-a527-b30dabe26a2f" />
    <UnitTestResult executionId="de82ea86-8b89-4d50-a0b0-ae4624c0d584" testId="5296afb5-b1fa-3bee-6483-817f55901d66" testName="LastIndexOfPatternWithStartIndex" computerName="MassaPCLinux" duration="00:00:00.0002439" startTime="2025-06-26T10:31:29.5448059-05:00" endTime="2025-06-26T10:31:29.5450872-05:00" testType="13cdc9d9-ddb5-4fa4-a97d-d965ccfc6d4b" outcome="Passed" testListId="8c84fa94-04c1-424b-9868-57a2d4851a1d" relativeResultsDirectory="de82ea86-8b89-4d50-a0b0-ae4624c0d584" />
    <UnitTestResult executionId="6ade42b7-58b9-4643-af63-b2507a39f9e1" testId="c4d8c9bf-2157-28be-93e2-95a4ba628541" testName="FindNthOpenBracket_ShouldReturnCorrectPosition (&quot;no brackets here&quot;,'(',1,-1)" computerName="MassaPCLinux" duration="00:00:00.0000183" startTime="2025-06-26T10:31:29.5694491-05:00" endTime="2025-06-26T10:31:29.5695134-05:00" testType="13cdc9d9-ddb5-4fa4-a97d-d965ccfc6d4b" outcome="Passed" testListId="8c84fa94-04c1-424b-9868-57a2d4851a1d" relativeResultsDirectory="6ade42b7-58b9-4643-af63-b2507a39f9e1" />
    <UnitTestResult executionId="7fc8b305-d317-44ec-b4aa-a5c002c0d6ee" testId="3ddddaaa-ef86-6676-c93a-eaa6f037cff7" testName="FindNthOpenBracket_ShouldReturnCorrectPosition (&quot;func() { if (x) { return []; } }&quot;,'(',2,12)" computerName="MassaPCLinux" duration="00:00:00.0001775" startTime="2025-06-26T10:31:29.5672438-05:00" endTime="2025-06-26T10:31:29.5674809-05:00" testType="13cdc9d9-ddb5-4fa4-a97d-d965ccfc6d4b" outcome="Passed" testListId="8c84fa94-04c1-424b-9868-57a2d4851a1d" relativeResultsDirectory="7fc8b305-d317-44ec-b4aa-a5c002c0d6ee" />
    <UnitTestResult executionId="c1af5b16-65bf-4250-ae91-32b8d56dd13a" testId="7ea10fb9-9947-2de4-5e4c-82792c8dceaa" testName="EmptySumTree_ShouldHaveZeroLength" computerName="MassaPCLinux" duration="00:00:00.0073817" startTime="2025-06-26T10:31:29.3363514-05:00" endTime="2025-06-26T10:31:29.3589862-05:00" testType="13cdc9d9-ddb5-4fa4-a97d-d965ccfc6d4b" outcome="Passed" testListId="8c84fa94-04c1-424b-9868-57a2d4851a1d" relativeResultsDirectory="c1af5b16-65bf-4250-ae91-32b8d56dd13a" />
    <UnitTestResult executionId="687dfe79-575a-45f0-9408-a542ec91c43e" testId="cf41b132-4453-c37d-bee0-ff96d86f8931" testName="RemoveRange_ShouldUpdateSummaries (&quot;Remove all&quot;,0,10,0,&quot;&quot;)" computerName="MassaPCLinux" duration="00:00:00.0000173" startTime="2025-06-26T10:31:29.5932155-05:00" endTime="2025-06-26T10:31:29.5932829-05:00" testType="13cdc9d9-ddb5-4fa4-a97d-d965ccfc6d4b" outcome="Passed" testListId="8c84fa94-04c1-424b-9868-57a2d4851a1d" relativeResultsDirectory="687dfe79-575a-45f0-9408-a542ec91c43e" />
    <UnitTestResult executionId="6cfd7884-56a4-4c3b-81e0-9f8078545abd" testId="3b8e6e5e-d99b-683e-4bb3-987f9bb52050" testName="FindLineStart_ShouldReturnCorrectPosition (&quot;Line 1&#xA;Line 2&#xA;Line 3&quot;,1,0)" computerName="MassaPCLinux" duration="00:00:00.0004289" startTime="2025-06-26T10:31:29.5582354-05:00" endTime="2025-06-26T10:31:29.5587346-05:00" testType="13cdc9d9-ddb5-4fa4-a97d-d965ccfc6d4b" outcome="Passed" testListId="8c84fa94-04c1-424b-9868-57a2d4851a1d" relativeResultsDirectory="6cfd7884-56a4-4c3b-81e0-9f8078545abd" />
    <UnitTestResult executionId="4b950a1a-d8e3-4277-833e-b06cd9f21ab4" testId="0c94e020-511b-8fb5-1319-8163a7c70709" testName="WithDimension_ShouldAddNewDimension (&quot;Hello world!&quot;)" computerName="MassaPCLinux" duration="00:00:00.0002722" startTime="2025-06-26T10:31:29.5896532-05:00" endTime="2025-06-26T10:31:29.5901935-05:00" testType="13cdc9d9-ddb5-4fa4-a97d-d965ccfc6d4b" outcome="Passed" testListId="8c84fa94-04c1-424b-9868-57a2d4851a1d" relativeResultsDirectory="4b950a1a-d8e3-4277-833e-b06cd9f21ab4" />
    <UnitTestResult executionId="05b306a9-059b-4880-ba36-7f96c4d278de" testId="943de5d9-17c3-f0b1-9269-a471d6fb7bc0" testName="AreBracketsBalanced_ShouldDetectImbalance (&quot;((())&quot;,False)" computerName="MassaPCLinux" duration="00:00:00.0000179" startTime="2025-06-26T10:31:29.5754601-05:00" endTime="2025-06-26T10:31:29.5755218-05:00" testType="13cdc9d9-ddb5-4fa4-a97d-d965ccfc6d4b" outcome="Passed" testListId="8c84fa94-04c1-424b-9868-57a2d4851a1d" relativeResultsDirectory="05b306a9-059b-4880-ba36-7f96c4d278de" />
    <UnitTestResult executionId="a662599c-ccd3-4e49-8603-ba3fed2bf260" testId="1613f92b-ea17-9f5e-d866-32af2eb99682" testName="NotEndsWith" computerName="MassaPCLinux" duration="00:00:00.0005386" startTime="2025-06-26T10:31:29.3688272-05:00" endTime="2025-06-26T10:31:29.3694349-05:00" testType="13cdc9d9-ddb5-4fa4-a97d-d965ccfc6d4b" outcome="Passed" testListId="8c84fa94-04c1-424b-9868-57a2d4851a1d" relativeResultsDirectory="a662599c-ccd3-4e49-8603-ba3fed2bf260" />
    <UnitTestResult executionId="28eb1b0e-2b8a-41d7-91fe-6ef6e1542c5d" testId="0357cdd0-0d21-1991-612a-2456dbde2123" testName="Slice_ShouldReturnCorrectSubstring (&quot;Hello World&quot;,6,5,&quot;World&quot;)" computerName="MassaPCLinux" duration="00:00:00.0001401" startTime="2025-06-26T10:31:29.5957926-05:00" endTime="2025-06-26T10:31:29.5959870-05:00" testType="13cdc9d9-ddb5-4fa4-a97d-d965ccfc6d4b" outcome="Passed" testListId="8c84fa94-04c1-424b-9868-57a2d4851a1d" relativeResultsDirectory="28eb1b0e-2b8a-41d7-91fe-6ef6e1542c5d" />
    <UnitTestResult executionId="b9072cbc-0988-435e-ae06-ab6180a407b9" testId="4bbe06ee-e648-b02c-2390-b9074ecfdf4c" testName="AreBracketsBalanced_ShouldDetectImbalance (&quot;no brackets&quot;,True)" computerName="MassaPCLinux" duration="00:00:00.0000192" startTime="2025-06-26T10:31:29.5772212-05:00" endTime="2025-06-26T10:31:29.5772859-05:00" testType="13cdc9d9-ddb5-4fa4-a97d-d965ccfc6d4b" outcome="Passed" testListId="8c84fa94-04c1-424b-9868-57a2d4851a1d" relativeResultsDirectory="b9072cbc-0988-435e-ae06-ab6180a407b9" />
    <UnitTestResult executionId="23ff6893-6637-47bc-8ac8-2b3860837343" testId="94f7cdc3-5ec4-6f7a-7532-028ab8699dd7" testName="ToStringForNonCharType" computerName="MassaPCLinux" duration="00:00:00.0006384" startTime="2025-06-26T10:31:29.5463972-05:00" endTime="2025-06-26T10:31:29.5471115-05:00" testType="13cdc9d9-ddb5-4fa4-a97d-d965ccfc6d4b" outcome="Passed" testListId="8c84fa94-04c1-424b-9868-57a2d4851a1d" relativeResultsDirectory="23ff6893-6637-47bc-8ac8-2b3860837343" />
    <UnitTestResult executionId="84bf9e81-1f0f-42a7-83ed-27719fb5e2dd" testId="29b640ab-13c1-cb55-86d8-93a2698a2052" testName="StructuralHashCodeEquivalence" computerName="MassaPCLinux" duration="00:00:00.0002253" startTime="2025-06-26T10:31:29.5256322-05:00" endTime="2025-06-26T10:31:29.5258969-05:00" testType="13cdc9d9-ddb5-4fa4-a97d-d965ccfc6d4b" outcome="Passed" testListId="8c84fa94-04c1-424b-9868-57a2d4851a1d" relativeResultsDirectory="84bf9e81-1f0f-42a7-83ed-27719fb5e2dd" />
    <UnitTestResult executionId="21840731-dc1f-4068-b6ce-81f07c5a7223" testId="4739a170-a3fe-85ca-deaa-3cb2b4087fca" testName="BasicOperations_ShouldWork" computerName="MassaPCLinux" duration="00:00:00.0001090" startTime="2025-06-26T10:31:29.6000371-05:00" endTime="2025-06-26T10:31:29.6001829-05:00" testType="13cdc9d9-ddb5-4fa4-a97d-d965ccfc6d4b" outcome="Passed" testListId="8c84fa94-04c1-424b-9868-57a2d4851a1d" relativeResultsDirectory="21840731-dc1f-4068-b6ce-81f07c5a7223" />
    <UnitTestResult executionId="582a037d-b8c5-4be1-821b-5d8d024d875d" testId="af8cd8e9-431a-38d7-6848-a4d413033224" testName="GetLineAndColumn_ShouldReturnCorrectPosition (&quot;First&#xA;Second&quot;,3,1,4)" computerName="MassaPCLinux" duration="00:00:00.0000167" startTime="2025-06-26T10:31:29.5647967-05:00" endTime="2025-06-26T10:31:29.5648599-05:00" testType="13cdc9d9-ddb5-4fa4-a97d-d965ccfc6d4b" outcome="Passed" testListId="8c84fa94-04c1-424b-9868-57a2d4851a1d" relativeResultsDirectory="582a037d-b8c5-4be1-821b-5d8d024d875d" />
    <UnitTestResult executionId="e4ab5aeb-c37c-48c3-9e9c-08a57a6e79a7" testId="6df68146-982b-1130-3cf3-2a324c873ed9" testName="EndsWith" computerName="MassaPCLinux" duration="00:00:00.0021893" startTime="2025-06-26T10:31:29.3657352-05:00" endTime="2025-06-26T10:31:29.3682806-05:00" testType="13cdc9d9-ddb5-4fa4-a97d-d965ccfc6d4b" outcome="Passed" testListId="8c84fa94-04c1-424b-9868-57a2d4851a1d" relativeResultsDirectory="e4ab5aeb-c37c-48c3-9e9c-08a57a6e79a7" />
    <UnitTestResult executionId="3bf06711-af83-44dc-9363-d3222ddc5f7e" testId="a90365a8-0087-796b-0559-3c73d3f56864" testName="Insert_ShouldMaintainSummaries (&quot;No newlines&quot;,'&#xA;',0)" computerName="MassaPCLinux" duration="00:00:00.0000199" startTime="2025-06-26T10:31:29.5718969-05:00" endTime="2025-06-26T10:31:29.5719646-05:00" testType="13cdc9d9-ddb5-4fa4-a97d-d965ccfc6d4b" outcome="Passed" testListId="8c84fa94-04c1-424b-9868-57a2d4851a1d" relativeResultsDirectory="3bf06711-af83-44dc-9363-d3222ddc5f7e" />
    <UnitTestResult executionId="de405ab6-584a-4b43-a15f-1e2a838c7e96" testId="d85fd3ba-3688-b856-0db5-c7a1bf990c97" testName="ToStringTest (3,2)" computerName="MassaPCLinux" duration="00:00:00.0000098" startTime="2025-06-26T10:31:29.5326658-05:00" endTime="2025-06-26T10:31:29.5327354-05:00" testType="13cdc9d9-ddb5-4fa4-a97d-d965ccfc6d4b" outcome="Passed" testListId="8c84fa94-04c1-424b-9868-57a2d4851a1d" relativeResultsDirectory="de405ab6-584a-4b43-a15f-1e2a838c7e96" />
    <UnitTestResult executionId="8ceabdab-20a0-4713-b69d-776d5f860995" testId="f928904a-ef6d-86cd-abd6-8c19638c6bf7" testName="ToStringTest (1,1)" computerName="MassaPCLinux" duration="00:00:00.0003959" startTime="2025-06-26T10:31:29.5272233-05:00" endTime="2025-06-26T10:31:29.5315664-05:00" testType="13cdc9d9-ddb5-4fa4-a97d-d965ccfc6d4b" outcome="Passed" testListId="8c84fa94-04c1-424b-9868-57a2d4851a1d" relativeResultsDirectory="8ceabdab-20a0-4713-b69d-776d5f860995" />
    <UnitTestResult executionId="c1672460-ef4f-4ca5-b039-6e46a6a678a6" testId="a488a184-d5a5-50a7-dff3-c11e81592771" testName="InsertSortedEnd" computerName="MassaPCLinux" duration="00:00:00.0001142" startTime="2025-06-26T10:31:29.5252636-05:00" endTime="2025-06-26T10:31:29.5254243-05:00" testType="13cdc9d9-ddb5-4fa4-a97d-d965ccfc6d4b" outcome="Passed" testListId="8c84fa94-04c1-424b-9868-57a2d4851a1d" relativeResultsDirectory="c1672460-ef4f-4ca5-b039-6e46a6a678a6" />
    <UnitTestResult executionId="f079f450-a53f-4a09-b10f-7f844713ca2c" testId="cd776fbd-d0a7-bd47-1b9a-a1065966e21a" testName="ConcatenatedNotEndsWith" computerName="MassaPCLinux" duration="00:00:00.0007995" startTime="2025-06-26T10:31:29.3696916-05:00" endTime="2025-06-26T10:31:29.3705375-05:00" testType="13cdc9d9-ddb5-4fa4-a97d-d965ccfc6d4b" outcome="Passed" testListId="8c84fa94-04c1-424b-9868-57a2d4851a1d" relativeResultsDirectory="f079f450-a53f-4a09-b10f-7f844713ca2c" />
    <UnitTestResult executionId="79a1354d-b140-4e76-8aac-7fadeb66435a" testId="b1b5f395-6bf8-f278-0b42-813f145c0a2f" testName="EmptyText_ShouldHandleGracefully" computerName="MassaPCLinux" duration="00:00:00.0001038" startTime="2025-06-26T10:31:29.5997009-05:00" endTime="2025-06-26T10:31:29.5998439-05:00" testType="13cdc9d9-ddb5-4fa4-a97d-d965ccfc6d4b" outcome="Passed" testListId="8c84fa94-04c1-424b-9868-57a2d4851a1d" relativeResultsDirectory="79a1354d-b140-4e76-8aac-7fadeb66435a" />
    <UnitTestResult executionId="7536185a-c1ec-41ef-9b24-7e6bae497c5e" testId="74efe6bb-b95e-35d5-3c15-0859eec7d587" testName="ConstructorCombinesTwoSumTrees" computerName="MassaPCLinux" duration="00:00:00.0002516" startTime="2025-06-26T10:31:29.3972262-05:00" endTime="2025-06-26T10:31:29.3975177-05:00" testType="13cdc9d9-ddb5-4fa4-a97d-d965ccfc6d4b" outcome="Passed" testListId="8c84fa94-04c1-424b-9868-57a2d4851a1d" relativeResultsDirectory="7536185a-c1ec-41ef-9b24-7e6bae497c5e" />
    <UnitTestResult executionId="6e57fab3-b28c-4bcd-9d0b-2dfc680b430a" testId="3126b97a-a1a1-ccfd-bd55-fcac91ffb466" testName="IndexOfWithCustomComparer" computerName="MassaPCLinux" duration="00:00:00.0014889" startTime="2025-06-26T10:31:29.5473177-05:00" endTime="2025-06-26T10:31:29.5488465-05:00" testType="13cdc9d9-ddb5-4fa4-a97d-d965ccfc6d4b" outcome="Passed" testListId="8c84fa94-04c1-424b-9868-57a2d4851a1d" relativeResultsDirectory="6e57fab3-b28c-4bcd-9d0b-2dfc680b430a" />
    <UnitTestResult executionId="3b9ccf5e-ef65-4da8-81e5-fa163ad21ca4" testId="4460b164-c1e0-1ee5-d277-f98aad59a2dd" testName="Insert_ShouldMaintainSummaries (&quot;Hello&#xA;World&#xA;Test&quot;,'&#xA;',2)" computerName="MassaPCLinux" duration="00:00:00.0001661" startTime="2025-06-26T10:31:29.5714328-05:00" endTime="2025-06-26T10:31:29.5716620-05:00" testType="13cdc9d9-ddb5-4fa4-a97d-d965ccfc6d4b" outcome="Passed" testListId="8c84fa94-04c1-424b-9868-57a2d4851a1d" relativeResultsDirectory="3b9ccf5e-ef65-4da8-81e5-fa163ad21ca4" />
    <UnitTestResult executionId="81435494-2642-453b-9497-4de64ed9ed22" testId="eef2380a-1c7f-14bf-8258-ac1cac248890" testName="InsertAtLineColumn_ShouldInsertAtCorrectPosition (&quot;Single line&quot;,1,1,&quot;Start &quot;,&quot;Start Single line&quot;)" computerName="MassaPCLinux" duration="00:00:00.0004504" startTime="2025-06-26T10:31:29.5721896-05:00" endTime="2025-06-26T10:31:29.5727052-05:00" testType="13cdc9d9-ddb5-4fa4-a97d-d965ccfc6d4b" outcome="Passed" testListId="8c84fa94-04c1-424b-9868-57a2d4851a1d" relativeResultsDirectory="81435494-2642-453b-9497-4de64ed9ed22" />
    <UnitTestResult executionId="1556816e-9a9a-4e57-a421-76cbd768c898" testId="8aea8c8c-930b-00fa-1794-ce3f3ccf69b5" testName="AddRange_ShouldAppendSumTree (&quot;First&quot;,&quot;&#xA;Second&quot;,&quot;First&#xA;Second&quot;)" computerName="MassaPCLinux" duration="00:00:00.0000170" startTime="2025-06-26T10:31:29.5994291-05:00" endTime="2025-06-26T10:31:29.5994953-05:00" testType="13cdc9d9-ddb5-4fa4-a97d-d965ccfc6d4b" outcome="Passed" testListId="8c84fa94-04c1-424b-9868-57a2d4851a1d" relativeResultsDirectory="1556816e-9a9a-4e57-a421-76cbd768c898" />
    <UnitTestResult executionId="00970bed-9565-427c-adc3-d6fefebdab7b" testId="4ddfa65c-2b8a-94c2-8e2a-14d07077f3e9" testName="EmptySumTreeNotEqualToNull" computerName="MassaPCLinux" duration="00:00:00.0001152" startTime="2025-06-26T10:31:29.3987691-05:00" endTime="2025-06-26T10:31:29.3989273-05:00" testType="13cdc9d9-ddb5-4fa4-a97d-d965ccfc6d4b" outcome="Passed" testListId="8c84fa94-04c1-424b-9868-57a2d4851a1d" relativeResultsDirectory="00970bed-9565-427c-adc3-d6fefebdab7b" />
    <UnitTestResult executionId="2d90c40d-f46c-47a8-9c6b-a95d1ebd7e07" testId="f78390c1-bf8f-15b0-bd80-75c77fcc1c40" testName="RemoveZeroLengthDoesNothing" computerName="MassaPCLinux" duration="00:00:00.0004752" startTime="2025-06-26T10:31:29.3908824-05:00" endTime="2025-06-26T10:31:29.3913971-05:00" testType="13cdc9d9-ddb5-4fa4-a97d-d965ccfc6d4b" outcome="Passed" testListId="8c84fa94-04c1-424b-9868-57a2d4851a1d" relativeResultsDirectory="2d90c40d-f46c-47a8-9c6b-a95d1ebd7e07" />
    <UnitTestResult executionId="34abff0f-fe91-4435-a05c-e11163fa8be9" testId="ac00eb88-9ade-94c2-de01-0ca22699c76e" testName="GetLineAndColumn_ShouldReturnCorrectPosition (&quot;Line 1&#xA;Line 2&#xA;Line 3&quot;,14,3,1)" computerName="MassaPCLinux" duration="00:00:00.0000172" startTime="2025-06-26T10:31:29.5639200-05:00" endTime="2025-06-26T10:31:29.5639842-05:00" testType="13cdc9d9-ddb5-4fa4-a97d-d965ccfc6d4b" outcome="Passed" testListId="8c84fa94-04c1-424b-9868-57a2d4851a1d" relativeResultsDirectory="34abff0f-fe91-4435-a05c-e11163fa8be9" />
    <UnitTestResult executionId="eda80b90-c009-48fd-9538-2292eac8ccdd" testId="69ba71c3-a3b1-0cb8-5414-cdcc840d1a61" testName="EmptyElementAtIndexOutOfRangeException" computerName="MassaPCLinux" duration="00:00:00.0007389" startTime="2025-06-26T10:31:29.3923908-05:00" endTime="2025-06-26T10:31:29.3932142-05:00" testType="13cdc9d9-ddb5-4fa4-a97d-d965ccfc6d4b" outcome="Passed" testListId="8c84fa94-04c1-424b-9868-57a2d4851a1d" relativeResultsDirectory="eda80b90-c009-48fd-9538-2292eac8ccdd" />
    <UnitTestResult executionId="07163e5c-d23d-4beb-9690-424dd55c4770" testId="e08637f0-1299-a99f-3ac1-7f5e78434972" testName="SplitAt_ShouldPreserveDimensions (&quot;A&#xA;B&#xA;C&#xA;D&quot;,2,1,2)" computerName="MassaPCLinux" duration="00:00:00.0000153" startTime="2025-06-26T10:31:29.5785326-05:00" endTime="2025-06-26T10:31:29.5786022-05:00" testType="13cdc9d9-ddb5-4fa4-a97d-d965ccfc6d4b" outcome="Passed" testListId="8c84fa94-04c1-424b-9868-57a2d4851a1d" relativeResultsDirectory="07163e5c-d23d-4beb-9690-424dd55c4770" />
    <UnitTestResult executionId="a02d06c9-afe5-4ace-8e34-c7fab66346b6" testId="c5c2950f-d75b-5306-fd1d-7afc6de35d82" testName="SumTreeWithLineNumbers_ShouldTrackLines (&quot;&quot;,0,0,0)" computerName="MassaPCLinux" duration="00:00:00.0002854" startTime="2025-06-26T10:31:29.5530382-05:00" endTime="2025-06-26T10:31:29.5533928-05:00" testType="13cdc9d9-ddb5-4fa4-a97d-d965ccfc6d4b" outcome="Passed" testListId="8c84fa94-04c1-424b-9868-57a2d4851a1d" relativeResultsDirectory="a02d06c9-afe5-4ace-8e34-c7fab66346b6" />
    <UnitTestResult executionId="fe256ef6-ddbe-4e8c-bb8c-06ccaf414b53" testId="8647f90f-dc82-4e33-5c7c-7b241dc7d856" testName="StringEqualsOperator" computerName="MassaPCLinux" duration="00:00:00.0001242" startTime="2025-06-26T10:31:29.3955773-05:00" endTime="2025-06-26T10:31:29.3957407-05:00" testType="13cdc9d9-ddb5-4fa4-a97d-d965ccfc6d4b" outcome="Passed" testListId="8c84fa94-04c1-424b-9868-57a2d4851a1d" relativeResultsDirectory="fe256ef6-ddbe-4e8c-bb8c-06ccaf414b53" />
    <UnitTestResult executionId="dc96564e-2b18-479d-a2c4-26a7a14f861f" testId="2b17baf5-68d7-39c0-b9c6-388cf686b1fa" testName="InsertSorted" computerName="MassaPCLinux" duration="00:00:00.0022485" startTime="2025-06-26T10:31:29.5222435-05:00" endTime="2025-06-26T10:31:29.5245792-05:00" testType="13cdc9d9-ddb5-4fa4-a97d-d965ccfc6d4b" outcome="Passed" testListId="8c84fa94-04c1-424b-9868-57a2d4851a1d" relativeResultsDirectory="dc96564e-2b18-479d-a2c4-26a7a14f861f" />
    <UnitTestResult executionId="e67ea448-0bc6-4c7b-80d6-09e510b0a4f7" testId="9115c0f4-c4c0-8b8e-2a59-95f5a665acac" testName="CustomDimension_ShouldWork ([],0)" computerName="MassaPCLinux" duration="00:00:00.0001482" startTime="2025-06-26T10:31:29.5870867-05:00" endTime="2025-06-26T10:31:29.5873000-05:00" testType="13cdc9d9-ddb5-4fa4-a97d-d965ccfc6d4b" outcome="Passed" testListId="8c84fa94-04c1-424b-9868-57a2d4851a1d" relativeResultsDirectory="e67ea448-0bc6-4c7b-80d6-09e510b0a4f7" />
    <UnitTestResult executionId="6d0da828-8faa-44f6-a838-20a5250bd739" testId="24658be4-4141-bb21-2f22-e8397b3dd3cb" testName="IndexOfInOverlap" computerName="MassaPCLinux" duration="00:00:00.0001116" startTime="2025-06-26T10:31:29.5360563-05:00" endTime="2025-06-26T10:31:29.5362074-05:00" testType="13cdc9d9-ddb5-4fa4-a97d-d965ccfc6d4b" outcome="Passed" testListId="8c84fa94-04c1-424b-9868-57a2d4851a1d" relativeResultsDirectory="6d0da828-8faa-44f6-a838-20a5250bd739" />
    <UnitTestResult executionId="4b4e3456-311d-4579-b14c-687ef47377d1" testId="8473529f-70f0-17a4-e8be-27e975060d57" testName="SumTreeWithBrackets_ShouldTrackBrackets (&quot;function() { return [1, 2; }&quot;,1,1,1,0,1,1,False)" computerName="MassaPCLinux" duration="00:00:00.0000163" startTime="2025-06-26T10:31:29.5568351-05:00" endTime="2025-06-26T10:31:29.5569178-05:00" testType="13cdc9d9-ddb5-4fa4-a97d-d965ccfc6d4b" outcome="Passed" testListId="8c84fa94-04c1-424b-9868-57a2d4851a1d" relativeResultsDirectory="4b4e3456-311d-4579-b14c-687ef47377d1" />
    <UnitTestResult executionId="79814919-2055-4290-bccb-827afc585580" testId="a58f6fa9-ad69-7f38-a6f6-061aa14d24a7" testName="FindNthOpenBracket_ShouldReturnCorrectPosition (&quot;((()))&quot;,'(',3,2)" computerName="MassaPCLinux" duration="00:00:00.0000132" startTime="2025-06-26T10:31:29.5691633-05:00" endTime="2025-06-26T10:31:29.5692221-05:00" testType="13cdc9d9-ddb5-4fa4-a97d-d965ccfc6d4b" outcome="Passed" testListId="8c84fa94-04c1-424b-9868-57a2d4851a1d" relativeResultsDirectory="79814919-2055-4290-bccb-827afc585580" />
    <UnitTestResult executionId="12d110fc-81c8-4f74-8bbd-b1d44e810361" testId="f210e111-7675-2ce5-974a-431e52c222a7" testName="AreBracketsBalanced_ShouldDetectImbalance (&quot;((()))&quot;,True)" computerName="MassaPCLinux" duration="00:00:00.0000192" startTime="2025-06-26T10:31:29.5751670-05:00" endTime="2025-06-26T10:31:29.5752325-05:00" testType="13cdc9d9-ddb5-4fa4-a97d-d965ccfc6d4b" outcome="Passed" testListId="8c84fa94-04c1-424b-9868-57a2d4851a1d" relativeResultsDirectory="12d110fc-81c8-4f74-8bbd-b1d44e810361" />
    <UnitTestResult executionId="3cd03b1e-9f06-4345-a0d4-f03dca947cf9" testId="c4bb2dd2-4139-91b0-5472-36ab61d915da" testName="FindNthOpenBracket_ShouldReturnCorrectPosition (&quot;((()))&quot;,'(',2,1)" computerName="MassaPCLinux" duration="00:00:00.0000134" startTime="2025-06-26T10:31:29.5688864-05:00" endTime="2025-06-26T10:31:29.5689432-05:00" testType="13cdc9d9-ddb5-4fa4-a97d-d965ccfc6d4b" outcome="Passed" testListId="8c84fa94-04c1-424b-9868-57a2d4851a1d" relativeResultsDirectory="3cd03b1e-9f06-4345-a0d4-f03dca947cf9" />
    <UnitTestResult executionId="8b43cff1-07ed-48fd-a74f-4cdc1ed85539" testId="f8d55ced-2295-1e6c-73b8-f058a3620a47" testName="GetLineContent_ShouldReturnCorrectContent (&quot;First&#xA;Second&#xA;Third&quot;,1,&quot;First&quot;)" computerName="MassaPCLinux" duration="00:00:00.0000220" startTime="2025-06-26T10:31:29.5623114-05:00" endTime="2025-06-26T10:31:29.5623949-05:00" testType="13cdc9d9-ddb5-4fa4-a97d-d965ccfc6d4b" outcome="Passed" testListId="8c84fa94-04c1-424b-9868-57a2d4851a1d" relativeResultsDirectory="8b43cff1-07ed-48fd-a74f-4cdc1ed85539" />
    <UnitTestResult executionId="f8cb41b7-b67e-4b16-844e-5acc6024f7f5" testId="b30436a1-7fdc-650d-10ac-a672a131a552" testName="EndsWithMemory" computerName="MassaPCLinux" duration="00:00:00.0003001" startTime="2025-06-26T10:31:29.3726894-05:00" endTime="2025-06-26T10:31:29.3730332-05:00" testType="13cdc9d9-ddb5-4fa4-a97d-d965ccfc6d4b" outcome="Passed" testListId="8c84fa94-04c1-424b-9868-57a2d4851a1d" relativeResultsDirectory="f8cb41b7-b67e-4b16-844e-5acc6024f7f5" />
    <UnitTestResult executionId="48ffab74-4e1b-4132-be3f-a4609e81c43f" testId="ee87ffa8-d06b-1746-65f5-481aa26e0048" testName="RemoveAt_ShouldRemoveSingleElement (&quot;Test&quot;,0,&quot;est&quot;)" computerName="MassaPCLinux" duration="00:00:00.0001311" startTime="2025-06-26T10:31:29.5939560-05:00" endTime="2025-06-26T10:31:29.5941403-05:00" testType="13cdc9d9-ddb5-4fa4-a97d-d965ccfc6d4b" outcome="Passed" testListId="8c84fa94-04c1-424b-9868-57a2d4851a1d" relativeResultsDirectory="48ffab74-4e1b-4132-be3f-a4609e81c43f" />
    <UnitTestResult executionId="3e337465-1ca1-4245-9beb-5145fd47e728" testId="e431174b-c280-ac33-478c-cacf806ca128" testName="FindNthOpenBracket_ShouldReturnCorrectPosition (&quot;func() { if (x) { return []; } }&quot;,'{',1,7)" computerName="MassaPCLinux" duration="00:00:00.0000184" startTime="2025-06-26T10:31:29.5677197-05:00" endTime="2025-06-26T10:31:29.5677889-05:00" testType="13cdc9d9-ddb5-4fa4-a97d-d965ccfc6d4b" outcome="Passed" testListId="8c84fa94-04c1-424b-9868-57a2d4851a1d" relativeResultsDirectory="3e337465-1ca1-4245-9beb-5145fd47e728" />
    <UnitTestResult executionId="0e621762-7157-44da-b14f-111fc272895a" testId="e45b9e17-ef11-6db0-21be-1e7ca447b3ff" testName="NotStartsWith" computerName="MassaPCLinux" duration="00:00:00.0000734" startTime="2025-06-26T10:31:29.3723165-05:00" endTime="2025-06-26T10:31:29.3724342-05:00" testType="13cdc9d9-ddb5-4fa4-a97d-d965ccfc6d4b" outcome="Passed" testListId="8c84fa94-04c1-424b-9868-57a2d4851a1d" relativeResultsDirectory="0e621762-7157-44da-b14f-111fc272895a" />
    <UnitTestResult executionId="2c3c3f38-da16-4191-9710-7a810025c194" testId="f6b1f457-8ec1-4424-86e7-fca3ae56dc12" testName="Add_ShouldAppendElement (&quot;&quot;,'A',&quot;A&quot;)" computerName="MassaPCLinux" duration="00:00:00.0001446" startTime="2025-06-26T10:31:29.5973012-05:00" endTime="2025-06-26T10:31:29.5974984-05:00" testType="13cdc9d9-ddb5-4fa4-a97d-d965ccfc6d4b" outcome="Passed" testListId="8c84fa94-04c1-424b-9868-57a2d4851a1d" relativeResultsDirectory="2c3c3f38-da16-4191-9710-7a810025c194" />
    <UnitTestResult executionId="c86daa01-7694-482a-bcd6-555665b5b965" testId="213954cc-c9c4-3bb4-dffa-3d28e54f171c" testName="IndexOfInRight" computerName="MassaPCLinux" duration="00:00:00.0000997" startTime="2025-06-26T10:31:29.5364503-05:00" endTime="2025-06-26T10:31:29.5365934-05:00" testType="13cdc9d9-ddb5-4fa4-a97d-d965ccfc6d4b" outcome="Passed" testListId="8c84fa94-04c1-424b-9868-57a2d4851a1d" relativeResultsDirectory="c86daa01-7694-482a-bcd6-555665b5b965" />
    <UnitTestResult executionId="b8a3aae6-fea5-4f6d-8c9c-2a791f298dfb" testId="4c33ae16-d5f4-6a95-c4fe-ad283bd0ab95" testName="CreateVeryLargeSumTreeFromListToSumTree" computerName="MassaPCLinux" duration="00:00:00.0430783" startTime="2025-06-26T10:31:29.4761861-05:00" endTime="2025-06-26T10:31:29.5194388-05:00" testType="13cdc9d9-ddb5-4fa4-a97d-d965ccfc6d4b" outcome="Passed" testListId="8c84fa94-04c1-424b-9868-57a2d4851a1d" relativeResultsDirectory="b8a3aae6-fea5-4f6d-8c9c-2a791f298dfb" />
    <UnitTestResult executionId="b79ad7ab-5532-4fc0-92f9-69653297ea1a" testId="ec86fa25-d313-bdd8-8a52-2721681419a3" testName="ContainsElement" computerName="MassaPCLinux" duration="00:00:00.0001704" startTime="2025-06-26T10:31:29.5392690-05:00" endTime="2025-06-26T10:31:29.5394810-05:00" testType="13cdc9d9-ddb5-4fa4-a97d-d965ccfc6d4b" outcome="Passed" testListId="8c84fa94-04c1-424b-9868-57a2d4851a1d" relativeResultsDirectory="b79ad7ab-5532-4fc0-92f9-69653297ea1a" />
    <UnitTestResult executionId="2ea452fa-3f54-4b65-b695-a84df3f2092c" testId="4832b19c-5354-7cb2-e58c-11943de65d7a" testName="StructuralEqualsOperator" computerName="MassaPCLinux" duration="00:00:00.0005541" startTime="2025-06-26T10:31:29.3959841-05:00" endTime="2025-06-26T10:31:29.3965781-05:00" testType="13cdc9d9-ddb5-4fa4-a97d-d965ccfc6d4b" outcome="Passed" testListId="8c84fa94-04c1-424b-9868-57a2d4851a1d" relativeResultsDirectory="2ea452fa-3f54-4b65-b695-a84df3f2092c" />
    <UnitTestResult executionId="2192ef60-89bd-4acf-a526-cc85f5194f27" testId="af1eb444-252a-4f24-3d17-ec4d94e74d98" testName="ReplaceElement" computerName="MassaPCLinux" duration="00:00:00.0007861" startTime="2025-06-26T10:31:29.3898108-05:00" endTime="2025-06-26T10:31:29.3906418-05:00" testType="13cdc9d9-ddb5-4fa4-a97d-d965ccfc6d4b" outcome="Passed" testListId="8c84fa94-04c1-424b-9868-57a2d4851a1d" relativeResultsDirectory="2192ef60-89bd-4acf-a526-cc85f5194f27" />
    <UnitTestResult executionId="f9236d64-c28d-4c09-8ac8-24cb0c36a555" testId="f01d208f-0aca-99b0-24ea-e405518505b0" testName="IndexOfSumTree" computerName="MassaPCLinux" duration="00:00:00.0005891" startTime="2025-06-26T10:31:29.5340568-05:00" endTime="2025-06-26T10:31:29.5346851-05:00" testType="13cdc9d9-ddb5-4fa4-a97d-d965ccfc6d4b" outcome="Passed" testListId="8c84fa94-04c1-424b-9868-57a2d4851a1d" relativeResultsDirectory="f9236d64-c28d-4c09-8ac8-24cb0c36a555" />
    <UnitTestResult executionId="322101c8-9f49-442d-9812-a689af7530d4" testId="d37cd1d3-3f1d-f6ba-c265-0b0434362f5b" testName="RemoveAt_ShouldRemoveSingleElement (&quot;Hello&quot;,1,&quot;Hllo&quot;)" computerName="MassaPCLinux" duration="00:00:00.0001633" startTime="2025-06-26T10:31:29.5935110-05:00" endTime="2025-06-26T10:31:29.5937253-05:00" testType="13cdc9d9-ddb5-4fa4-a97d-d965ccfc6d4b" outcome="Passed" testListId="8c84fa94-04c1-424b-9868-57a2d4851a1d" relativeResultsDirectory="322101c8-9f49-442d-9812-a689af7530d4" />
    <UnitTestResult executionId="3bba49f9-bb0a-4234-ae5f-5ce8bfbd81ca" testId="e5e859cf-7661-bf1c-e4d0-f10ff4720530" testName="FindLineStart_ShouldReturnCorrectPosition (&quot;Single line&quot;,1,0)" computerName="MassaPCLinux" duration="00:00:00.0001962" startTime="2025-06-26T10:31:29.5590136-05:00" endTime="2025-06-26T10:31:29.5592676-05:00" testType="13cdc9d9-ddb5-4fa4-a97d-d965ccfc6d4b" outcome="Passed" testListId="8c84fa94-04c1-424b-9868-57a2d4851a1d" relativeResultsDirectory="3bba49f9-bb0a-4234-ae5f-5ce8bfbd81ca" />
    <UnitTestResult executionId="09188cba-f61d-406a-bab1-ba8d70ff26e9" testId="306d6fbd-913a-c19f-673c-895719f56b2f" testName="InsertAtLineColumn_SpecificCase_ShouldWork" computerName="MassaPCLinux" duration="00:00:00.0006166" startTime="2025-06-26T10:31:29.6004059-05:00" endTime="2025-06-26T10:31:29.6016628-05:00" testType="13cdc9d9-ddb5-4fa4-a97d-d965ccfc6d4b" outcome="Passed" testListId="8c84fa94-04c1-424b-9868-57a2d4851a1d" relativeResultsDirectory="09188cba-f61d-406a-bab1-ba8d70ff26e9" />
    <UnitTestResult executionId="7c950e0d-3470-4094-bb76-7384c581582c" testId="96c53afb-594f-d2f1-a33f-74916bb2e69e" testName="LastIndexOfSumTree" computerName="MassaPCLinux" duration="00:00:00.0007271" startTime="2025-06-26T10:31:29.5371397-05:00" endTime="2025-06-26T10:31:29.5379039-05:00" testType="13cdc9d9-ddb5-4fa4-a97d-d965ccfc6d4b" outcome="Passed" testListId="8c84fa94-04c1-424b-9868-57a2d4851a1d" relativeResultsDirectory="7c950e0d-3470-4094-bb76-7384c581582c" />
    <UnitTestResult executionId="1adef20c-489d-4007-8e0c-7ad155d95ead" testId="2757e4bc-cd99-3054-cb60-ad8684129dc5" testName="RemoveAt_ShouldRemoveSingleElement (&quot;Remove&quot;,5,&quot;Remov&quot;)" computerName="MassaPCLinux" duration="00:00:00.0000202" startTime="2025-06-26T10:31:29.5948307-05:00" endTime="2025-06-26T10:31:29.5949031-05:00" testType="13cdc9d9-ddb5-4fa4-a97d-d965ccfc6d4b" outcome="Passed" testListId="8c84fa94-04c1-424b-9868-57a2d4851a1d" relativeResultsDirectory="1adef20c-489d-4007-8e0c-7ad155d95ead" />
    <UnitTestResult executionId="a6eb1c07-25c5-4dbf-8b26-6dcb41eaa8e5" testId="80dd11b0-c797-f97f-5428-efcafa4bc2eb" testName="Slice_ShouldReturnCorrectSubstring (&quot;Hello World&quot;,0,5,&quot;Hello&quot;)" computerName="MassaPCLinux" duration="00:00:00.0001070" startTime="2025-06-26T10:31:29.5953993-05:00" endTime="2025-06-26T10:31:29.5955620-05:00" testType="13cdc9d9-ddb5-4fa4-a97d-d965ccfc6d4b" outcome="Passed" testListId="8c84fa94-04c1-424b-9868-57a2d4851a1d" relativeResultsDirectory="a6eb1c07-25c5-4dbf-8b26-6dcb41eaa8e5" />
    <UnitTestResult executionId="8a6777cc-16ee-4439-8905-588c8d53dcd3" testId="696b9497-2584-6a06-4a5d-4ef4ab99ded2" testName="RemoveRange_ShouldUpdateSummaries (&quot;Line 1&#xA;Line 2&#xA;Line 3&quot;,7,7,1,&quot;Line 1&#xA;Line 3&quot;)" computerName="MassaPCLinux" duration="00:00:00.0001411" startTime="2025-06-26T10:31:29.5919155-05:00" endTime="2025-06-26T10:31:29.5921235-05:00" testType="13cdc9d9-ddb5-4fa4-a97d-d965ccfc6d4b" outcome="Passed" testListId="8c84fa94-04c1-424b-9868-57a2d4851a1d" relativeResultsDirectory="8a6777cc-16ee-4439-8905-588c8d53dcd3" />
    <UnitTestResult executionId="4e2d0ca7-ad8c-47d6-8eb4-1108709d00a2" testId="4bb9568c-5262-ec56-556a-c6ec7dfdb9fe" testName="RemoveAtTailDoesNothing" computerName="MassaPCLinux" duration="00:00:00.0001057" startTime="2025-06-26T10:31:29.3916450-05:00" endTime="2025-06-26T10:31:29.3917946-05:00" testType="13cdc9d9-ddb5-4fa4-a97d-d965ccfc6d4b" outcome="Passed" testListId="8c84fa94-04c1-424b-9868-57a2d4851a1d" relativeResultsDirectory="4e2d0ca7-ad8c-47d6-8eb4-1108709d00a2" />
    <UnitTestResult executionId="a05df2b8-81c0-4441-971f-aa6ccdd91578" testId="c6e59b9d-1fa9-113b-44c4-a5b0eef9fd1d" testName="CombineMultipleSumTrees" computerName="MassaPCLinux" duration="00:00:00.0008626" startTime="2025-06-26T10:31:29.5415713-05:00" endTime="2025-06-26T10:31:29.5424784-05:00" testType="13cdc9d9-ddb5-4fa4-a97d-d965ccfc6d4b" outcome="Passed" testListId="8c84fa94-04c1-424b-9868-57a2d4851a1d" relativeResultsDirectory="a05df2b8-81c0-4441-971f-aa6ccdd91578" />
    <UnitTestResult executionId="3b7448ea-a629-4e7e-bb2c-ab885f8ed511" testId="e224f927-ed77-058d-ea4b-0596a7ce3f5e" testName="NullNotEqualToEmptySumTree" computerName="MassaPCLinux" duration="00:00:00.0000624" startTime="2025-06-26T10:31:29.3952096-05:00" endTime="2025-06-26T10:31:29.3953307-05:00" testType="13cdc9d9-ddb5-4fa4-a97d-d965ccfc6d4b" outcome="Passed" testListId="8c84fa94-04c1-424b-9868-57a2d4851a1d" relativeResultsDirectory="3b7448ea-a629-4e7e-bb2c-ab885f8ed511" />
    <UnitTestResult executionId="20a3d7ab-24d8-4c22-a52b-91060a5aef6a" testId="c3a319b6-db2b-feb9-6e64-06e85005df01" testName="GetLineAndColumn_ShouldReturnCorrectPosition (&quot;Single line&quot;,5,1,6)" computerName="MassaPCLinux" duration="00:00:00.0000180" startTime="2025-06-26T10:31:29.5645065-05:00" endTime="2025-06-26T10:31:29.5645738-05:00" testType="13cdc9d9-ddb5-4fa4-a97d-d965ccfc6d4b" outcome="Passed" testListId="8c84fa94-04c1-424b-9868-57a2d4851a1d" relativeResultsDirectory="20a3d7ab-24d8-4c22-a52b-91060a5aef6a" />
    <UnitTestResult executionId="f65f32dc-70b8-4566-9828-2d6987560b22" testId="d6bc24a5-140f-360a-9f71-ad17c2b74896" testName="ToStringTest (2,1)" computerName="MassaPCLinux" duration="00:00:00.0001661" startTime="2025-06-26T10:31:29.5318168-05:00" endTime="2025-06-26T10:31:29.5320699-05:00" testType="13cdc9d9-ddb5-4fa4-a97d-d965ccfc6d4b" outcome="Passed" testListId="8c84fa94-04c1-424b-9868-57a2d4851a1d" relativeResultsDirectory="f65f32dc-70b8-4566-9828-2d6987560b22" />
    <UnitTestResult executionId="c59e8064-c84d-4bd0-acaf-175f410c080c" testId="6a8757dd-31f9-34e5-5d9e-6ec7957e31a8" testName="RemoveAt_ShouldRemoveSingleElement (&quot;A&quot;,0,&quot;&quot;)" computerName="MassaPCLinux" duration="00:00:00.0000143" startTime="2025-06-26T10:31:29.5951233-05:00" endTime="2025-06-26T10:31:29.5951799-05:00" testType="13cdc9d9-ddb5-4fa4-a97d-d965ccfc6d4b" outcome="Passed" testListId="8c84fa94-04c1-424b-9868-57a2d4851a1d" relativeResultsDirectory="c59e8064-c84d-4bd0-acaf-175f410c080c" />
    <UnitTestResult executionId="2cc75f82-70d0-4ef1-a58f-19e2e85a8497" testId="bad59d48-2f18-d3b8-18a1-243373724cd5" testName="SumTreeWithBrackets_ShouldTrackBrackets (&quot;if (condition) { doSomething(); }&quot;,2,2,0,0,1,1,True)" computerName="MassaPCLinux" duration="00:00:00.0003931" startTime="2025-06-26T10:31:29.5551632-05:00" endTime="2025-06-26T10:31:29.5556349-05:00" testType="13cdc9d9-ddb5-4fa4-a97d-d965ccfc6d4b" outcome="Passed" testListId="8c84fa94-04c1-424b-9868-57a2d4851a1d" relativeResultsDirectory="2cc75f82-70d0-4ef1-a58f-19e2e85a8497" />
    <UnitTestResult executionId="7929442c-ca0f-4674-983d-16d20e11fe63" testId="1839f3ad-5891-941e-6c21-064b04686f5b" testName="FindLineStart_ShouldReturnCorrectPosition (&quot;First&#xA;Second&#xA;Third&#xA;Fourth&quot;,1,0)" computerName="MassaPCLinux" duration="00:00:00.0000145" startTime="2025-06-26T10:31:29.5596207-05:00" endTime="2025-06-26T10:31:29.5596993-05:00" testType="13cdc9d9-ddb5-4fa4-a97d-d965ccfc6d4b" outcome="Passed" testListId="8c84fa94-04c1-424b-9868-57a2d4851a1d" relativeResultsDirectory="7929442c-ca0f-4674-983d-16d20e11fe63" />
    <UnitTestResult executionId="e991115a-a117-4d7c-b11f-edce7fd824d6" testId="f009dbc8-0ed4-c9e9-c863-288255c48f55" testName="InsertSortedEmpty" computerName="MassaPCLinux" duration="00:00:00.0010959" startTime="2025-06-26T10:31:29.5204608-05:00" endTime="2025-06-26T10:31:29.5216867-05:00" testType="13cdc9d9-ddb5-4fa4-a97d-d965ccfc6d4b" outcome="Passed" testListId="8c84fa94-04c1-424b-9868-57a2d4851a1d" relativeResultsDirectory="e991115a-a117-4d7c-b11f-edce7fd824d6" />
    <UnitTestResult executionId="f544f839-ecaf-4b15-8c00-245d699b946d" testId="6b33bc38-a175-e4cc-86d6-dab24ac834d8" testName="Concatenation_ShouldCombineDimensions (&quot;A&#xA;&quot;,&quot;B&#xA;C&#xA;&quot;,3)" computerName="MassaPCLinux" duration="00:00:00.0000153" startTime="2025-06-26T10:31:29.5800918-05:00" endTime="2025-06-26T10:31:29.5801702-05:00" testType="13cdc9d9-ddb5-4fa4-a97d-d965ccfc6d4b" outcome="Passed" testListId="8c84fa94-04c1-424b-9868-57a2d4851a1d" relativeResultsDirectory="f544f839-ecaf-4b15-8c00-245d699b946d" />
    <UnitTestResult executionId="a1fcdc53-3ec7-4662-98f0-9d7907731cdb" testId="5e59e8df-bb86-0ef4-03ce-6dfeba6f1c4d" testName="SumTreeWithLineNumbers_ShouldTrackLines (&quot;Hello&#xA;World&#xA;&quot;,2,0,12)" computerName="MassaPCLinux" duration="00:00:00.0000152" startTime="2025-06-26T10:31:29.5526276-05:00" endTime="2025-06-26T10:31:29.5527111-05:00" testType="13cdc9d9-ddb5-4fa4-a97d-d965ccfc6d4b" outcome="Passed" testListId="8c84fa94-04c1-424b-9868-57a2d4851a1d" relativeResultsDirectory="a1fcdc53-3ec7-4662-98f0-9d7907731cdb" />
    <UnitTestResult executionId="6560756f-d563-43c6-a390-bdb05cf3708c" testId="7f8fa179-b89e-6376-3392-a85965458eff" testName="ContainsSumTree" computerName="MassaPCLinux" duration="00:00:00.0002272" startTime="2025-06-26T10:31:29.5387146-05:00" endTime="2025-06-26T10:31:29.5389853-05:00" testType="13cdc9d9-ddb5-4fa4-a97d-d965ccfc6d4b" outcome="Passed" testListId="8c84fa94-04c1-424b-9868-57a2d4851a1d" relativeResultsDirectory="6560756f-d563-43c6-a390-bdb05cf3708c" />
    <UnitTestResult executionId="17da495e-741d-4efd-b6c2-01c47b98c0cc" testId="033821c4-6dbc-1b50-35e2-194f8c588282" testName="ConcatenateIndexOfElement" computerName="MassaPCLinux" duration="00:00:00.0000902" startTime="2025-06-26T10:31:29.5368082-05:00" endTime="2025-06-26T10:31:29.5369349-05:00" testType="13cdc9d9-ddb5-4fa4-a97d-d965ccfc6d4b" outcome="Passed" testListId="8c84fa94-04c1-424b-9868-57a2d4851a1d" relativeResultsDirectory="17da495e-741d-4efd-b6c2-01c47b98c0cc" />
    <UnitTestResult executionId="996fc11f-ac73-468c-8432-331e0b4dc9d8" testId="34311e55-8835-f75b-15e3-2490146d505e" testName="Slice_ShouldReturnCorrectSubstring (&quot;Test String&quot;,2,3,&quot;st &quot;)" computerName="MassaPCLinux" duration="00:00:00.0000196" startTime="2025-06-26T10:31:29.5962304-05:00" endTime="2025-06-26T10:31:29.5963012-05:00" testType="13cdc9d9-ddb5-4fa4-a97d-d965ccfc6d4b" outcome="Passed" testListId="8c84fa94-04c1-424b-9868-57a2d4851a1d" relativeResultsDirectory="996fc11f-ac73-468c-8432-331e0b4dc9d8" />
  </Results>
  <TestDefinitions>
    <UnitTest name="RemoveAt_ShouldRemoveSingleElement (&quot;Remove&quot;,5,&quot;Remov&quot;)" storage="/media/work/dev/sumtree/sumtree.tests/bin/debug/net9.0/sumtree.tests.dll" id="2757e4bc-cd99-3054-cb60-ad8684129dc5">
      <Execution id="1adef20c-489d-4007-8e0c-7ad155d95ead" />
      <TestMethod codeBase="/media/work/dev/SumTree/SumTree.Tests/bin/Debug/net9.0/SumTree.Tests.dll" adapterTypeName="executor://mstestadapter/v2" className="SumTree.Tests.SumTreeTests" name="RemoveAt_ShouldRemoveSingleElement" />
    </UnitTest>
    <UnitTest name="FindNthOpenBracket_ShouldReturnCorrectPosition (&quot;func() { if (x) { return []; } }&quot;,'{',2,16)" storage="/media/work/dev/sumtree/sumtree.tests/bin/debug/net9.0/sumtree.tests.dll" id="d95ffb4c-9587-2f7d-0ea6-69066245334e">
      <Execution id="a67bc8f7-0f6d-4e6a-914e-9131b7b02ced" />
      <TestMethod codeBase="/media/work/dev/SumTree/SumTree.Tests/bin/Debug/net9.0/SumTree.Tests.dll" adapterTypeName="executor://mstestadapter/v2" className="SumTree.Tests.SumTreeTests" name="FindNthOpenBracket_ShouldReturnCorrectPosition" />
    </UnitTest>
    <UnitTest name="WithDimension_ShouldAddNewDimension (&quot;Multiple&#xA;Lines&#xA;Here&quot;)" storage="/media/work/dev/sumtree/sumtree.tests/bin/debug/net9.0/sumtree.tests.dll" id="85b0687c-5ac6-e77f-bf2e-ae2f07a801b6">
      <Execution id="ac100dc6-a82a-4ec3-b7ae-2de7636c51f9" />
      <TestMethod codeBase="/media/work/dev/SumTree/SumTree.Tests/bin/Debug/net9.0/SumTree.Tests.dll" adapterTypeName="executor://mstestadapter/v2" className="SumTree.Tests.SumTreeTests" name="WithDimension_ShouldAddNewDimension" />
    </UnitTest>
    <UnitTest name="GetLineAndColumn_ShouldReturnCorrectPosition (&quot;First&#xA;Second&quot;,6,2,1)" storage="/media/work/dev/sumtree/sumtree.tests/bin/debug/net9.0/sumtree.tests.dll" id="b28759d6-d793-f9aa-f694-f6dd440d26a5">
      <Execution id="eeddb8c9-da61-4ff1-b7b3-10fe8cd0745a" />
      <TestMethod codeBase="/media/work/dev/SumTree/SumTree.Tests/bin/Debug/net9.0/SumTree.Tests.dll" adapterTypeName="executor://mstestadapter/v2" className="SumTree.Tests.SumTreeTests" name="GetLineAndColumn_ShouldReturnCorrectPosition" />
    </UnitTest>
    <UnitTest name="RemoveRange_ShouldUpdateSummaries (&quot;A&#xA;B&#xA;C&quot;,2,2,1,&quot;A&#xA;C&quot;)" storage="/media/work/dev/sumtree/sumtree.tests/bin/debug/net9.0/sumtree.tests.dll" id="4b0f819f-ff9a-4f04-9be3-e10aec453987">
      <Execution id="2060ccba-5883-4b29-bc12-e7e7a6bfb6de" />
[...]
    <TestEntry testId="70d15189-490f-034b-1b6c-e5d3df6def29" executionId="a224df5e-fff5-4342-b4ab-64fe528bc137" testListId="8c84fa94-04c1-424b-9868-57a2d4851a1d" />
    <TestEntry testId="a4dbf275-9a25-cda9-e4c2-b6c4da75cbe4" executionId="c6b38352-78dd-46cc-b4f4-c4511c19138c" testListId="8c84fa94-04c1-424b-9868-57a2d4851a1d" />
    <TestEntry testId="e636e5f5-3bed-6b03-dcd3-17e1cb945288" executionId="8196b47f-dff9-4e35-a7ff-b6f453ae4e81" testListId="8c84fa94-04c1-424b-9868-57a2d4851a1d" />
    <TestEntry testId="8f79dadd-7a59-e363-c798-65c64724e109" executionId="63f94034-3fe6-40b3-8022-6e4790dce67d" testListId="8c84fa94-04c1-424b-9868-57a2d4851a1d" />
    <TestEntry testId="18e0cdab-1c09-46cb-8d8f-78c74eee2435" executionId="4585a2f6-af4c-4d0e-86b2-ca50987f253b" testListId="8c84fa94-04c1-424b-9868-57a2d4851a1d" />
    <TestEntry testId="8af68480-5bfc-3b2d-ccec-940fd829559e" executionId="98a741a8-cb7d-4c94-a433-7a52fee4a112" testListId="8c84fa94-04c1-424b-9868-57a2d4851a1d" />
    <TestEntry testId="c58f528a-9069-ecc2-83ca-f9a3e8a2564d" executionId="56a232db-98a3-4a76-9941-8b6427255a98" testListId="8c84fa94-04c1-424b-9868-57a2d4851a1d" />
    <TestEntry testId="150daef9-5140-8154-e256-600f7a816b36" executionId="301e1f99-e208-4461-a6ff-47c31f4eb09e" testListId="8c84fa94-04c1-424b-9868-57a2d4851a1d" />
    <TestEntry testId="f3fde20e-4e2b-a8d0-abd8-a7e1a6452bb3" executionId="c9143215-c96d-4cd9-9a9b-6686bfa62e9a" testListId="8c84fa94-04c1-424b-9868-57a2d4851a1d" />
    <TestEntry testId="c0ba4758-889c-8611-5c7c-5c6b9d6bbef0" executionId="eb2bf759-c9f9-4c49-8627-07314fd00249" testListId="8c84fa94-04c1-424b-9868-57a2d4851a1d" />
    <TestEntry testId="f22f803d-06c5-d22e-b8e5-31f50289741a" executionId="bf688e9d-960e-49a9-8f87-12293e3f5932" testListId="8c84fa94-04c1-424b-9868-57a2d4851a1d" />
    <TestEntry testId="a4fa5608-4f3d-63b3-64a2-f8084758d031" executionId="bd0fec76-99af-48cb-af0f-21e6d6d14753" testListId="8c84fa94-04c1-424b-9868-57a2d4851a1d" />
    <TestEntry testId="f9de3322-2b34-5a1a-7184-f9c44a20864f" executionId="54b5c59e-f9ab-4597-8000-22078c51d614" testListId="8c84fa94-04c1-424b-9868-57a2d4851a1d" />
    <TestEntry testId="02a1d4ae-f61e-8d7c-483b-a811accf2dff" executionId="acb6e6d3-ab89-4853-bc6d-6f5cdfefce3b" testListId="8c84fa94-04c1-424b-9868-57a2d4851a1d" />
    <TestEntry testId="b83b2ac5-324a-bb77-6eb0-044edd79ddd3" executionId="4b6d9421-d58a-4ada-be5f-6db42860fe2b" testListId="8c84fa94-04c1-424b-9868-57a2d4851a1d" />
    <TestEntry testId="355298f1-dd8a-57f9-bf47-fa30cf68eb14" executionId="ea62dbbd-b487-4e7b-9671-0df1cedf525f" testListId="8c84fa94-04c1-424b-9868-57a2d4851a1d" />
    <TestEntry testId="aadf8648-a41a-c3d9-fa9b-06ed6eeddc14" executionId="f41f7bfa-c1b7-4680-a575-9bcb825a309b" testListId="8c84fa94-04c1-424b-9868-57a2d4851a1d" />
    <TestEntry testId="1c8ff3ca-ddc5-ade1-91f1-794d2e28761d" executionId="c2afd827-745b-4fb7-88de-a74bc1179f74" testListId="8c84fa94-04c1-424b-9868-57a2d4851a1d" />
    <TestEntry testId="baa6223c-653f-971e-e2b2-07b04a41e9a4" executionId="ab1cf4ad-e94c-493c-935e-eb0b3d64096b" testListId="8c84fa94-04c1-424b-9868-57a2d4851a1d" />
    <TestEntry testId="28675d96-bf36-2322-bc4b-ca8d1e012542" executionId="2c3dbcc2-418d-4c3d-9469-a65bd6a1fdc9" testListId="8c84fa94-04c1-424b-9868-57a2d4851a1d" />
    <TestEntry testId="57130889-11e7-9d73-1206-5b787ed95a94" executionId="2e2b2083-cfd0-4782-a04a-31a0e84b9736" testListId="8c84fa94-04c1-424b-9868-57a2d4851a1d" />
    <TestEntry testId="07f0c4ec-66f9-1e9d-8aba-67b33ca771db" executionId="0764e455-8521-473b-a87e-cee651f9fafe" testListId="8c84fa94-04c1-424b-9868-57a2d4851a1d" />
    <TestEntry testId="ab7ba90f-54bd-84c7-a1c7-357ca3f52848" executionId="53d62e25-76c3-4ccc-bd49-8f785cb0eb41" testListId="8c84fa94-04c1-424b-9868-57a2d4851a1d" />
    <TestEntry testId="1733f1fb-855f-286d-ad30-0b8a1a67cf7c" executionId="9818d98f-e75d-4b65-8890-f489bab47466" testListId="8c84fa94-04c1-424b-9868-57a2d4851a1d" />
    <TestEntry testId="85b0687c-5ac6-e77f-bf2e-ae2f07a801b6" executionId="ac100dc6-a82a-4ec3-b7ae-2de7636c51f9" testListId="8c84fa94-04c1-424b-9868-57a2d4851a1d" />
    <TestEntry testId="52644530-4c46-64c4-5558-50cf306f5f7e" executionId="f54c116c-6e41-4a41-b198-b933c2a25884" testListId="8c84fa94-04c1-424b-9868-57a2d4851a1d" />
    <TestEntry testId="3eb2936b-aa09-ed02-ba86-743e84267c4d" executionId="9fd5f64b-5e5a-4b01-bfe4-5e596f10a9fe" testListId="8c84fa94-04c1-424b-9868-57a2d4851a1d" />
    <TestEntry testId="bd564fe1-a791-eacb-8c04-f07911d52bb3" executionId="f8fb62bc-99e7-4024-a555-8b090860a019" testListId="8c84fa94-04c1-424b-9868-57a2d4851a1d" />
    <TestEntry testId="b7c31799-acf5-65c4-066e-9c0e003899bc" executionId="82d9dd96-ff97-4da1-aa76-387468d80a5d" testListId="8c84fa94-04c1-424b-9868-57a2d4851a1d" />
    <TestEntry testId="8910a7a2-4485-9783-1ae7-0ea04a64214f" executionId="87e903d1-d0d4-41cd-88c6-d2fdab183aa9" testListId="8c84fa94-04c1-424b-9868-57a2d4851a1d" />
    <TestEntry testId="0a611887-8033-0fd9-bf1d-442921132ca5" executionId="9cd4296e-671e-409c-8819-d2a21498b920" testListId="8c84fa94-04c1-424b-9868-57a2d4851a1d" />
    <TestEntry testId="8ca85c6c-090f-6b74-98f9-9396c9f63366" executionId="b0c52382-a4ed-4a0f-b4e0-69e782f3bd03" testListId="8c84fa94-04c1-424b-9868-57a2d4851a1d" />
    <TestEntry testId="36c76f58-d424-4c6f-ea14-c8c2ea4bf741" executionId="0d439ddd-4ad2-49e0-8545-bff6d13d5b63" testListId="8c84fa94-04c1-424b-9868-57a2d4851a1d" />
    <TestEntry testId="7bab8e32-8273-4314-5965-15fd677a79e6" executionId="8a786ceb-2eb4-4aa2-b2cb-183dd381c5dd" testListId="8c84fa94-04c1-424b-9868-57a2d4851a1d" />
    <TestEntry testId="e49aa7ed-5e8c-0323-a329-4281ff641989" executionId="f7db053f-0e7b-47d3-a41b-768df74bb909" testListId="8c84fa94-04c1-424b-9868-57a2d4851a1d" />
    <TestEntry testId="27f06db2-9268-be80-39b2-07f529aabe5a" executionId="bb7dc28c-9049-4d49-952e-905b0ed2f768" testListId="8c84fa94-04c1-424b-9868-57a2d4851a1d" />
    <TestEntry testId="8a0bd34e-9881-a5c6-437e-d486c3b7e43a" executionId="e837fdbd-f3e6-4bc1-b164-cad1881221d4" testListId="8c84fa94-04c1-424b-9868-57a2d4851a1d" />
    <TestEntry testId="66ecc157-ff13-e77f-b625-2d6011840b23" executionId="75b3d2e3-4539-4d00-b658-87ace0c19477" testListId="8c84fa94-04c1-424b-9868-57a2d4851a1d" />
    <TestEntry testId="7e7352b6-fe5a-a49a-fda8-1a8f81f1003e" executionId="c813f162-37fa-482f-8050-739fa030c518" testListId="8c84fa94-04c1-424b-9868-57a2d4851a1d" />
    <TestEntry testId="0cba92ca-0b4b-9fef-eb37-af08699f1aa8" executionId="9b4f9831-4528-4c85-8c8a-17001fa436b6" testListId="8c84fa94-04c1-424b-9868-57a2d4851a1d" />
    <TestEntry testId="2547f433-cd14-19d1-0b6c-eedb85a8e4a9" executionId="7f9ed990-ba59-4454-a527-b30dabe26a2f" testListId="8c84fa94-04c1-424b-9868-57a2d4851a1d" />
    <TestEntry testId="5296afb5-b1fa-3bee-6483-817f55901d66" executionId="de82ea86-8b89-4d50-a0b0-ae4624c0d584" testListId="8c84fa94-04c1-424b-9868-57a2d4851a1d" />
    <TestEntry testId="c4d8c9bf-2157-28be-93e2-95a4ba628541" executionId="6ade42b7-58b9-4643-af63-b2507a39f9e1" testListId="8c84fa94-04c1-424b-9868-57a2d4851a1d" />
    <TestEntry testId="3ddddaaa-ef86-6676-c93a-eaa6f037cff7" executionId="7fc8b305-d317-44ec-b4aa-a5c002c0d6ee" testListId="8c84fa94-04c1-424b-9868-57a2d4851a1d" />
    <TestEntry testId="7ea10fb9-9947-2de4-5e4c-82792c8dceaa" executionId="c1af5b16-65bf-4250-ae91-32b8d56dd13a" testListId="8c84fa94-04c1-424b-9868-57a2d4851a1d" />
    <TestEntry testId="cf41b132-4453-c37d-bee0-ff96d86f8931" executionId="687dfe79-575a-45f0-9408-a542ec91c43e" testListId="8c84fa94-04c1-424b-9868-57a2d4851a1d" />
    <TestEntry testId="3b8e6e5e-d99b-683e-4bb3-987f9bb52050" executionId="6cfd7884-56a4-4c3b-81e0-9f8078545abd" testListId="8c84fa94-04c1-424b-9868-57a2d4851a1d" />
    <TestEntry testId="0c94e020-511b-8fb5-1319-8163a7c70709" executionId="4b950a1a-d8e3-4277-833e-b06cd9f21ab4" testListId="8c84fa94-04c1-424b-9868-57a2d4851a1d" />
    <TestEntry testId="943de5d9-17c3-f0b1-9269-a471d6fb7bc0" executionId="05b306a9-059b-4880-ba36-7f96c4d278de" testListId="8c84fa94-04c1-424b-9868-57a2d4851a1d" />
    <TestEntry testId="1613f92b-ea17-9f5e-d866-32af2eb99682" executionId="a662599c-ccd3-4e49-8603-ba3fed2bf260" testListId="8c84fa94-04c1-424b-9868-57a2d4851a1d" />
    <TestEntry testId="0357cdd0-0d21-1991-612a-2456dbde2123" executionId="28eb1b0e-2b8a-41d7-91fe-6ef6e1542c5d" testListId="8c84fa94-04c1-424b-9868-57a2d4851a1d" />
    <TestEntry testId="4bbe06ee-e648-b02c-2390-b9074ecfdf4c" executionId="b9072cbc-0988-435e-ae06-ab6180a407b9" testListId="8c84fa94-04c1-424b-9868-57a2d4851a1d" />
    <TestEntry testId="94f7cdc3-5ec4-6f7a-7532-028ab8699dd7" executionId="23ff6893-6637-47bc-8ac8-2b3860837343" testListId="8c84fa94-04c1-424b-9868-57a2d4851a1d" />
    <TestEntry testId="29b640ab-13c1-cb55-86d8-93a2698a2052" executionId="84bf9e81-1f0f-42a7-83ed-27719fb5e2dd" testListId="8c84fa94-04c1-424b-9868-57a2d4851a1d" />
    <TestEntry testId="4739a170-a3fe-85ca-deaa-3cb2b4087fca" executionId="21840731-dc1f-4068-b6ce-81f07c5a7223" testListId="8c84fa94-04c1-424b-9868-57a2d4851a1d" />
    <TestEntry testId="af8cd8e9-431a-38d7-6848-a4d413033224" executionId="582a037d-b8c5-4be1-821b-5d8d024d875d" testListId="8c84fa94-04c1-424b-9868-57a2d4851a1d" />
    <TestEntry testId="6df68146-982b-1130-3cf3-2a324c873ed9" executionId="e4ab5aeb-c37c-48c3-9e9c-08a57a6e79a7" testListId="8c84fa94-04c1-424b-9868-57a2d4851a1d" />
    <TestEntry testId="a90365a8-0087-796b-0559-3c73d3f56864" executionId="3bf06711-af83-44dc-9363-d3222ddc5f7e" testListId="8c84fa94-04c1-424b-9868-57a2d4851a1d" />
    <TestEntry testId="d85fd3ba-3688-b856-0db5-c7a1bf990c97" executionId="de405ab6-584a-4b43-a15f-1e2a838c7e96" testListId="8c84fa94-04c1-424b-9868-57a2d4851a1d" />
    <TestEntry testId="f928904a-ef6d-86cd-abd6-8c19638c6bf7" executionId="8ceabdab-20a0-4713-b69d-776d5f860995" testListId="8c84fa94-04c1-424b-9868-57a2d4851a1d" />
    <TestEntry testId="a488a184-d5a5-50a7-dff3-c11e81592771" executionId="c1672460-ef4f-4ca5-b039-6e46a6a678a6" testListId="8c84fa94-04c1-424b-9868-57a2d4851a1d" />
    <TestEntry testId="cd776fbd-d0a7-bd47-1b9a-a1065966e21a" executionId="f079f450-a53f-4a09-b10f-7f844713ca2c" testListId="8c84fa94-04c1-424b-9868-57a2d4851a1d" />
    <TestEntry testId="b1b5f395-6bf8-f278-0b42-813f145c0a2f" executionId="79a1354d-b140-4e76-8aac-7fadeb66435a" testListId="8c84fa94-04c1-424b-9868-57a2d4851a1d" />
    <TestEntry testId="74efe6bb-b95e-35d5-3c15-0859eec7d587" executionId="7536185a-c1ec-41ef-9b24-7e6bae497c5e" testListId="8c84fa94-04c1-424b-9868-57a2d4851a1d" />
    <TestEntry testId="3126b97a-a1a1-ccfd-bd55-fcac91ffb466" executionId="6e57fab3-b28c-4bcd-9d0b-2dfc680b430a" testListId="8c84fa94-04c1-424b-9868-57a2d4851a1d" />
    <TestEntry testId="4460b164-c1e0-1ee5-d277-f98aad59a2dd" executionId="3b9ccf5e-ef65-4da8-81e5-fa163ad21ca4" testListId="8c84fa94-04c1-424b-9868-57a2d4851a1d" />
    <TestEntry testId="eef2380a-1c7f-14bf-8258-ac1cac248890" executionId="81435494-2642-453b-9497-4de64ed9ed22" testListId="8c84fa94-04c1-424b-9868-57a2d4851a1d" />
    <TestEntry testId="8aea8c8c-930b-00fa-1794-ce3f3ccf69b5" executionId="1556816e-9a9a-4e57-a421-76cbd768c898" testListId="8c84fa94-04c1-424b-9868-57a2d4851a1d" />
    <TestEntry testId="4ddfa65c-2b8a-94c2-8e2a-14d07077f3e9" executionId="00970bed-9565-427c-adc3-d6fefebdab7b" testListId="8c84fa94-04c1-424b-9868-57a2d4851a1d" />
    <TestEntry testId="f78390c1-bf8f-15b0-bd80-75c77fcc1c40" executionId="2d90c40d-f46c-47a8-9c6b-a95d1ebd7e07" testListId="8c84fa94-04c1-424b-9868-57a2d4851a1d" />
    <TestEntry testId="ac00eb88-9ade-94c2-de01-0ca22699c76e" executionId="34abff0f-fe91-4435-a05c-e11163fa8be9" testListId="8c84fa94-04c1-424b-9868-57a2d4851a1d" />
    <TestEntry testId="69ba71c3-a3b1-0cb8-5414-cdcc840d1a61" executionId="eda80b90-c009-48fd-9538-2292eac8ccdd" testListId="8c84fa94-04c1-424b-9868-57a2d4851a1d" />
    <TestEntry testId="e08637f0-1299-a99f-3ac1-7f5e78434972" executionId="07163e5c-d23d-4beb-9690-424dd55c4770" testListId="8c84fa94-04c1-424b-9868-57a2d4851a1d" />
    <TestEntry testId="c5c2950f-d75b-5306-fd1d-7afc6de35d82" executionId="a02d06c9-afe5-4ace-8e34-c7fab66346b6" testListId="8c84fa94-04c1-424b-9868-57a2d4851a1d" />
    <TestEntry testId="8647f90f-dc82-4e33-5c7c-7b241dc7d856" executionId="fe256ef6-ddbe-4e8c-bb8c-06ccaf414b53" testListId="8c84fa94-04c1-424b-9868-57a2d4851a1d" />
    <TestEntry testId="2b17baf5-68d7-39c0-b9c6-388cf686b1fa" executionId="dc96564e-2b18-479d-a2c4-26a7a14f861f" testListId="8c84fa94-04c1-424b-9868-57a2d4851a1d" />
    <TestEntry testId="9115c0f4-c4c0-8b8e-2a59-95f5a665acac" executionId="e67ea448-0bc6-4c7b-80d6-09e510b0a4f7" testListId="8c84fa94-04c1-424b-9868-57a2d4851a1d" />
    <TestEntry testId="24658be4-4141-bb21-2f22-e8397b3dd3cb" executionId="6d0da828-8faa-44f6-a838-20a5250bd739" testListId="8c84fa94-04c1-424b-9868-57a2d4851a1d" />
    <TestEntry testId="8473529f-70f0-17a4-e8be-27e975060d57" executionId="4b4e3456-311d-4579-b14c-687ef47377d1" testListId="8c84fa94-04c1-424b-9868-57a2d4851a1d" />
    <TestEntry testId="a58f6fa9-ad69-7f38-a6f6-061aa14d24a7" executionId="79814919-2055-4290-bccb-827afc585580" testListId="8c84fa94-04c1-424b-9868-57a2d4851a1d" />
    <TestEntry testId="f210e111-7675-2ce5-974a-431e52c222a7" executionId="12d110fc-81c8-4f74-8bbd-b1d44e810361" testListId="8c84fa94-04c1-424b-9868-57a2d4851a1d" />
    <TestEntry testId="c4bb2dd2-4139-91b0-5472-36ab61d915da" executionId="3cd03b1e-9f06-4345-a0d4-f03dca947cf9" testListId="8c84fa94-04c1-424b-9868-57a2d4851a1d" />
    <TestEntry testId="f8d55ced-2295-1e6c-73b8-f058a3620a47" executionId="8b43cff1-07ed-48fd-a74f-4cdc1ed85539" testListId="8c84fa94-04c1-424b-9868-57a2d4851a1d" />
    <TestEntry testId="b30436a1-7fdc-650d-10ac-a672a131a552" executionId="f8cb41b7-b67e-4b16-844e-5acc6024f7f5" testListId="8c84fa94-04c1-424b-9868-57a2d4851a1d" />
    <TestEntry testId="ee87ffa8-d06b-1746-65f5-481aa26e0048" executionId="48ffab74-4e1b-4132-be3f-a4609e81c43f" testListId="8c84fa94-04c1-424b-9868-57a2d4851a1d" />
    <TestEntry testId="e431174b-c280-ac33-478c-cacf806ca128" executionId="3e337465-1ca1-4245-9beb-5145fd47e728" testListId="8c84fa94-04c1-424b-9868-57a2d4851a1d" />
    <TestEntry testId="e45b9e17-ef11-6db0-21be-1e7ca447b3ff" executionId="0e621762-7157-44da-b14f-111fc272895a" testListId="8c84fa94-04c1-424b-9868-57a2d4851a1d" />
    <TestEntry testId="f6b1f457-8ec1-4424-86e7-fca3ae56dc12" executionId="2c3c3f38-da16-4191-9710-7a810025c194" testListId="8c84fa94-04c1-424b-9868-57a2d4851a1d" />
    <TestEntry testId="213954cc-c9c4-3bb4-dffa-3d28e54f171c" executionId="c86daa01-7694-482a-bcd6-555665b5b965" testListId="8c84fa94-04c1-424b-9868-57a2d4851a1d" />
    <TestEntry testId="4c33ae16-d5f4-6a95-c4fe-ad283bd0ab95" executionId="b8a3aae6-fea5-4f6d-8c9c-2a791f298dfb" testListId="8c84fa94-04c1-424b-9868-57a2d4851a1d" />
    <TestEntry testId="ec86fa25-d313-bdd8-8a52-2721681419a3" executionId="b79ad7ab-5532-4fc0-92f9-69653297ea1a" testListId="8c84fa94-04c1-424b-9868-57a2d4851a1d" />
    <TestEntry testId="4832b19c-5354-7cb2-e58c-11943de65d7a" executionId="2ea452fa-3f54-4b65-b695-a84df3f2092c" testListId="8c84fa94-04c1-424b-9868-57a2d4851a1d" />
    <TestEntry testId="af1eb444-252a-4f24-3d17-ec4d94e74d98" executionId="2192ef60-89bd-4acf-a526-cc85f5194f27" testListId="8c84fa94-04c1-424b-9868-57a2d4851a1d" />
    <TestEntry testId="f01d208f-0aca-99b0-24ea-e405518505b0" executionId="f9236d64-c28d-4c09-8ac8-24cb0c36a555" testListId="8c84fa94-04c1-424b-9868-57a2d4851a1d" />
    <TestEntry testId="d37cd1d3-3f1d-f6ba-c265-0b0434362f5b" executionId="322101c8-9f49-442d-9812-a689af7530d4" testListId="8c84fa94-04c1-424b-9868-57a2d4851a1d" />
    <TestEntry testId="e5e859cf-7661-bf1c-e4d0-f10ff4720530" executionId="3bba49f9-bb0a-4234-ae5f-5ce8bfbd81ca" testListId="8c84fa94-04c1-424b-9868-57a2d4851a1d" />
    <TestEntry testId="306d6fbd-913a-c19f-673c-895719f56b2f" executionId="09188cba-f61d-406a-bab1-ba8d70ff26e9" testListId="8c84fa94-04c1-424b-9868-57a2d4851a1d" />
    <TestEntry testId="96c53afb-594f-d2f1-a33f-74916bb2e69e" executionId="7c950e0d-3470-4094-bb76-7384c581582c" testListId="8c84fa94-04c1-424b-9868-57a2d4851a1d" />
    <TestEntry testId="2757e4bc-cd99-3054-cb60-ad8684129dc5" executionId="1adef20c-489d-4007-8e0c-7ad155d95ead" testListId="8c84fa94-04c1-424b-9868-57a2d4851a1d" />
    <TestEntry testId="80dd11b0-c797-f97f-5428-efcafa4bc2eb" executionId="a6eb1c07-25c5-4dbf-8b26-6dcb41eaa8e5" testListId="8c84fa94-04c1-424b-9868-57a2d4851a1d" />
    <TestEntry testId="696b9497-2584-6a06-4a5d-4ef4ab99ded2" executionId="8a6777cc-16ee-4439-8905-588c8d53dcd3" testListId="8c84fa94-04c1-424b-9868-57a2d4851a1d" />
    <TestEntry testId="4bb9568c-5262-ec56-556a-c6ec7dfdb9fe" executionId="4e2d0ca7-ad8c-47d6-8eb4-1108709d00a2" testListId="8c84fa94-04c1-424b-9868-57a2d4851a1d" />
    <TestEntry testId="c6e59b9d-1fa9-113b-44c4-a5b0eef9fd1d" executionId="a05df2b8-81c0-4441-971f-aa6ccdd91578" testListId="8c84fa94-04c1-424b-9868-57a2d4851a1d" />
    <TestEntry testId="e224f927-ed77-058d-ea4b-0596a7ce3f5e" executionId="3b7448ea-a629-4e7e-bb2c-ab885f8ed511" testListId="8c84fa94-04c1-424b-9868-57a2d4851a1d" />
    <TestEntry testId="c3a319b6-db2b-feb9-6e64-06e85005df01" executionId="20a3d7ab-24d8-4c22-a52b-91060a5aef6a" testListId="8c84fa94-04c1-424b-9868-57a2d4851a1d" />
    <TestEntry testId="d6bc24a5-140f-360a-9f71-ad17c2b74896" executionId="f65f32dc-70b8-4566-9828-2d6987560b22" testListId="8c84fa94-04c1-424b-9868-57a2d4851a1d" />
    <TestEntry testId="6a8757dd-31f9-34e5-5d9e-6ec7957e31a8" executionId="c59e8064-c84d-4bd0-acaf-175f410c080c" testListId="8c84fa94-04c1-424b-9868-57a2d4851a1d" />
    <TestEntry testId="bad59d48-2f18-d3b8-18a1-243373724cd5" executionId="2cc75f82-70d0-4ef1-a58f-19e2e85a8497" testListId="8c84fa94-04c1-424b-9868-57a2d4851a1d" />
    <TestEntry testId="1839f3ad-5891-941e-6c21-064b04686f5b" executionId="7929442c-ca0f-4674-983d-16d20e11fe63" testListId="8c84fa94-04c1-424b-9868-57a2d4851a1d" />
    <TestEntry testId="f009dbc8-0ed4-c9e9-c863-288255c48f55" executionId="e991115a-a117-4d7c-b11f-edce7fd824d6" testListId="8c84fa94-04c1-424b-9868-57a2d4851a1d" />
    <TestEntry testId="6b33bc38-a175-e4cc-86d6-dab24ac834d8" executionId="f544f839-ecaf-4b15-8c00-245d699b946d" testListId="8c84fa94-04c1-424b-9868-57a2d4851a1d" />
    <TestEntry testId="5e59e8df-bb86-0ef4-03ce-6dfeba6f1c4d" executionId="a1fcdc53-3ec7-4662-98f0-9d7907731cdb" testListId="8c84fa94-04c1-424b-9868-57a2d4851a1d" />
    <TestEntry testId="7f8fa179-b89e-6376-3392-a85965458eff" executionId="6560756f-d563-43c6-a390-bdb05cf3708c" testListId="8c84fa94-04c1-424b-9868-57a2d4851a1d" />
    <TestEntry testId="033821c4-6dbc-1b50-35e2-194f8c588282" executionId="17da495e-741d-4efd-b6c2-01c47b98c0cc" testListId="8c84fa94-04c1-424b-9868-57a2d4851a1d" />
    <TestEntry testId="34311e55-8835-f75b-15e3-2490146d505e" executionId="996fc11f-ac73-468c-8432-331e0b4dc9d8" testListId="8c84fa94-04c1-424b-9868-57a2d4851a1d" />
  </TestEntries>
  <TestLists>
    <TestList name="Results Not in a List" id="8c84fa94-04c1-424b-9868-57a2d4851a1d" />
    <TestList name="All Loaded Results" id="19431567-8539-422a-85d7-44ee4e166bda" />
  </TestLists>
  <ResultSummary outcome="Completed">
    <Counters total="150" executed="150" passed="150" failed="0" error="0" timeout="0" aborted="0" inconclusive="0" passedButRunAborted="0" notRunnable="0" notExecuted="0" disconnected="0" warning="0" completed="0" inProgress="0" pending="0" />
    <CollectorDataEntries>
      <Collector agentName="MassaPCLinux" uri="datacollector://microsoft/CoverletCodeCoverage/1.0" collectorDisplayName="XPlat code coverage">
        <UriAttachments>
          <UriAttachment>
            <A href="MassaPCLinux/coverage.cobertura.xml"></A>
          </UriAttachment>
        </UriAttachments>
      </Collector>
    </CollectorDataEntries>
  </ResultSummary>
</TestRun>